#
# There is insufficient memory for the Java Runtime Environment to continue.
# Native memory allocation (mmap) failed to map 332398592 bytes for committing reserved memory.
# Possible reasons:
#   The system is out of physical RAM or swap space
#   The process is running with CompressedOops enabled, and the Java Heap may be blocking the growth of the native heap
# Possible solutions:
#   Reduce memory load on the system
#   Increase physical memory or swap space
#   Check if swap backing store is full
#   Decrease Java heap size (-Xmx/-Xms)
#   Decrease number of Java threads
#   Decrease Java thread stack sizes (-Xss)
#   Set larger code cache with -XX:ReservedCodeCacheSize=
#   JVM is running with Unscaled Compressed Oops mode in which the Java heap is
#     placed in the first 4GB address space. The Java Heap base address is the
#     maximum limit for the native heap growth. Please use -XX:HeapBaseMinAddress
#     to set the Java Heap base and to place the Java Heap above 4GB virtual address.
# This output file may be truncated or incomplete.
#
#  Out of Memory Error (os_linux.cpp:2706), pid=31375, tid=31393
#
# JRE version: OpenJDK Runtime Environment (10.0.2+13) (build 10.0.2+13-Ubuntu-1ubuntu0.18.04.4)
# Java VM: OpenJDK 64-Bit Server VM (10.0.2+13-Ubuntu-1ubuntu0.18.04.4, mixed mode, tiered, compressed oops, g1 gc, linux-amd64)
# Core dump will be written. Default location: Core dumps may be processed with "/usr/share/apport/apport %p %s %c %d %P" (or dumping to /home/alessandra/Documenti/LINGI2401/teammates/core.31375)
#

---------------  S U M M A R Y ------------

Command Line: -Dfile.encoding=UTF-8 -Duser.country=IT -Duser.language=it -Duser.variant worker.org.gradle.process.internal.worker.GradleWorkerMain 'Gradle SpotBugs Worker 2'

Host: Intel(R) Core(TM) i5-5200U CPU @ 2.20GHz, 4 cores, 3G, Ubuntu 18.04.1 LTS
Time: Fri Dec  7 20:57:27 2018 CET elapsed time: 160 seconds (0d 0h 2m 40s)

---------------  T H R E A D  ---------------

Current thread (0x00007fc3800e0800):  VMThread "VM Thread" [stack: 0x00007fc34d700000,0x00007fc34d800000] [id=31393]

Stack: [0x00007fc34d700000,0x00007fc34d800000],  sp=0x00007fc34d7fe0a0,  free space=1016k
Native frames: (J=compiled Java code, A=aot compiled Java code, j=interpreted, Vv=VM code, C=native code)
V  [libjvm.so+0xd27ea4]
V  [libjvm.so+0xd28a4b]
V  [libjvm.so+0x64d415]
V  [libjvm.so+0xb2d7c8]
V  [libjvm.so+0xb2601d]
V  [libjvm.so+0x7662ff]
V  [libjvm.so+0x76653e]
V  [libjvm.so+0x769500]
V  [libjvm.so+0x7efa1c]
V  [libjvm.so+0x7f06df]
V  [libjvm.so+0x7f0b59]
V  [libjvm.so+0x7162cf]
V  [libjvm.so+0x71a3ba]
V  [libjvm.so+0xd3a008]
V  [libjvm.so+0xd38871]
V  [libjvm.so+0xd35b3b]
V  [libjvm.so+0xd3715e]
V  [libjvm.so+0xd37588]
V  [libjvm.so+0xb33d40]

VM_Operation (0x00007fc34c10e680): G1IncCollectionPause, mode: safepoint, requested by thread 0x00007fc380bc6800


---------------  P R O C E S S  ---------------

Threads class SMR info:
_java_thread_list=0x00007fc380bc26f0, length=13, elements={
0x00007fc380012800, 0x00007fc3800ea800, 0x00007fc3800ec800, 0x00007fc3800f5800,
0x00007fc380100000, 0x00007fc380102000, 0x00007fc380104000, 0x00007fc380106000,
0x00007fc3801a2800, 0x00007fc3801bb800, 0x00007fc380bc6800, 0x00007fc380be9800,
0x00007fc380bea800
}

Java Threads: ( => current thread )
  0x00007fc380012800 JavaThread "main" [_thread_blocked, id=31381, stack(0x00007fc387b0b000,0x00007fc387c0c000)]
  0x00007fc3800ea800 JavaThread "Reference Handler" daemon [_thread_blocked, id=31394, stack(0x00007fc34d5fd000,0x00007fc34d6fe000)]
  0x00007fc3800ec800 JavaThread "Finalizer" daemon [_thread_blocked, id=31395, stack(0x00007fc34d4fc000,0x00007fc34d5fd000)]
  0x00007fc3800f5800 JavaThread "Signal Dispatcher" daemon [_thread_blocked, id=31396, stack(0x00007fc34ca2c000,0x00007fc34cb2d000)]
  0x00007fc380100000 JavaThread "C2 CompilerThread0" daemon [_thread_blocked, id=31397, stack(0x00007fc34c92b000,0x00007fc34ca2c000)]
  0x00007fc380102000 JavaThread "C2 CompilerThread1" daemon [_thread_blocked, id=31398, stack(0x00007fc34c82a000,0x00007fc34c92b000)]
  0x00007fc380104000 JavaThread "C1 CompilerThread2" daemon [_thread_blocked, id=31399, stack(0x00007fc34c729000,0x00007fc34c82a000)]
  0x00007fc380106000 JavaThread "Sweeper thread" daemon [_thread_blocked, id=31400, stack(0x00007fc34c628000,0x00007fc34c729000)]
  0x00007fc3801a2800 JavaThread "Service Thread" daemon [_thread_blocked, id=31401, stack(0x00007fc34c527000,0x00007fc34c628000)]
  0x00007fc3801bb800 JavaThread "Common-Cleaner" daemon [_thread_blocked, id=31403, stack(0x00007fc34c324000,0x00007fc34c425000)]
  0x00007fc380bc6800 JavaThread "/0:0:0:0:0:0:0:1:58288 to /0:0:0:0:0:0:0:1:44803 workers" [_thread_blocked, id=31412, stack(0x00007fc34c011000,0x00007fc34c112000)]
  0x00007fc380be9800 JavaThread "/0:0:0:0:0:0:0:1:58288 to /0:0:0:0:0:0:0:1:44803 workers Thread 2" [_thread_blocked, id=31413, stack(0x00007fc30b4e0000,0x00007fc30b5e1000)]
  0x00007fc380bea800 JavaThread "/0:0:0:0:0:0:0:1:58288 to /0:0:0:0:0:0:0:1:44803 workers Thread 3" [_thread_in_native, id=31414, stack(0x00007fc30b3df000,0x00007fc30b4e0000)]

Other Threads:
=>0x00007fc3800e0800 VMThread "VM Thread" [stack: 0x00007fc34d700000,0x00007fc34d800000] [id=31393]
  0x00007fc3801a5000 WatcherThread [stack: 0x00007fc34c427000,0x00007fc34c527000] [id=31402]
  0x00007fc380029000 GCTaskThread "GC Thread#0" [stack: 0x00007fc367734000,0x00007fc367834000] [id=31382]
  0x00007fc38002a800 GCTaskThread "GC Thread#1" [stack: 0x00007fc367632000,0x00007fc367732000] [id=31383]
  0x00007fc38002c000 GCTaskThread "GC Thread#2" [stack: 0x00007fc367530000,0x00007fc367630000] [id=31384]
  0x00007fc38002d800 GCTaskThread "GC Thread#3" [stack: 0x00007fc36742e000,0x00007fc36752e000] [id=31385]
  0x00007fc380044800 ConcurrentGCThread "G1 Main Marker" [stack: 0x00007fc364b4f000,0x00007fc364c4f000] [id=31386]
  0x00007fc380046800 ConcurrentGCThread "G1 Conc#0" [stack: 0x00007fc364a4d000,0x00007fc364b4d000] [id=31387]
  0x00007fc38007a000 ConcurrentGCThread "G1 Refine#0" [stack: 0x00007fc364547000,0x00007fc364647000] [id=31388]
  0x00007fc38007b800 ConcurrentGCThread "G1 Refine#1" [stack: 0x00007fc364445000,0x00007fc364545000] [id=31389]
  0x00007fc38007d000 ConcurrentGCThread "G1 Refine#2" [stack: 0x00007fc364343000,0x00007fc364443000] [id=31390]
  0x00007fc38007f000 ConcurrentGCThread "G1 Refine#3" [stack: 0x00007fc364241000,0x00007fc364341000] [id=31391]
  0x00007fc380080800 ConcurrentGCThread "G1 Young RemSet Sampling" [stack: 0x00007fc36413f000,0x00007fc36423f000] [id=31392]

Threads with active compile tasks:
C2 CompilerThread05759       4       java.util.HashMap::putMapEntries (154 bytes)
C2 CompilerThread15717   !   4       edu.umd.cs.findbugs.OpcodeStack::sawOpcode (4690 bytes)
C1 CompilerThread25913  s    1       java.io.ByteArrayInputStream::available (10 bytes)

VM state:at safepoint (normal execution)

VM Mutex/Monitor currently owned by a thread:  ([mutex/lock_event])
[0x00007fc38000ea60] Threads_lock - owner thread: 0x00007fc3800e0800
[0x00007fc38000f000] Heap_lock - owner thread: 0x00007fc380bc6800

Heap address: 0x00000000c3a00000, size: 966 MB, Compressed Oops mode: 32-bit
Narrow klass base: 0x0000000000000000, Narrow klass shift: 3
Compressed class space size: 1073741824 Address: 0x0000000100000000

Heap:
 garbage-first heap   total 503808K, used 122506K [0x00000000c3a00000, 0x0000000100000000)
  region size 1024K, 1 young (1024K), 1 survivors (1024K)
 Metaspace       used 27052K, capacity 27499K, committed 27904K, reserved 1075200K
  class space    used 2798K, capacity 2988K, committed 3072K, reserved 1048576K
Heap Regions: E=young(eden), S=young(survivor), O=old, HS=humongous(starts), HC=humongous(continues), CS=collection set, F=free, A=archive, TS=gc time stamp, AC=allocation context, TAMS=top-at-mark-start (previous, next)
|   0|0x00000000c3a00000, 0x00000000c3b00000, 0x00000000c3b00000|100%| O|  |TS  0|AC  0|TAMS 0x00000000c3b00000, 0x00000000c3b00000|
|   1|0x00000000c3b00000, 0x00000000c3c00000, 0x00000000c3c00000|100%|HS|  |TS  0|AC  0|TAMS 0x00000000c3c00000, 0x00000000c3c00000|
|   2|0x00000000c3c00000, 0x00000000c3d00000, 0x00000000c3d00000|100%|HC|  |TS  0|AC  0|TAMS 0x00000000c3d00000, 0x00000000c3d00000|
|   3|0x00000000c3d00000, 0x00000000c3e00000, 0x00000000c3e00000|100%| O|  |TS  0|AC  0|TAMS 0x00000000c3e00000, 0x00000000c3e00000|
|   4|0x00000000c3e00000, 0x00000000c3f00000, 0x00000000c3f00000|100%| O|  |TS  0|AC  0|TAMS 0x00000000c3f00000, 0x00000000c3f00000|
|   5|0x00000000c3f00000, 0x00000000c4000000, 0x00000000c4000000|100%| O|  |TS  0|AC  0|TAMS 0x00000000c4000000, 0x00000000c4000000|
|   6|0x00000000c4000000, 0x00000000c4100000, 0x00000000c4100000|100%| O|  |TS  0|AC  0|TAMS 0x00000000c4100000, 0x00000000c4100000|
|   7|0x00000000c4100000, 0x00000000c4200000, 0x00000000c4200000|100%| O|  |TS  0|AC  0|TAMS 0x00000000c4200000, 0x00000000c4200000|
|   8|0x00000000c4200000, 0x00000000c4300000, 0x00000000c4300000|100%| O|  |TS  0|AC  0|TAMS 0x00000000c4300000, 0x00000000c4300000|
|   9|0x00000000c4300000, 0x00000000c4400000, 0x00000000c4400000|100%| O|  |TS  0|AC  0|TAMS 0x00000000c4400000, 0x00000000c4400000|
|  10|0x00000000c4400000, 0x00000000c4500000, 0x00000000c4500000|100%| O|  |TS  0|AC  0|TAMS 0x00000000c4500000, 0x00000000c4500000|
|  11|0x00000000c4500000, 0x00000000c4600000, 0x00000000c4600000|100%| O|  |TS  5|AC  0|TAMS 0x00000000c4500000, 0x00000000c4500000|
|  12|0x00000000c4600000, 0x00000000c4700000, 0x00000000c4700000|100%| O|  |TS  3|AC  0|TAMS 0x00000000c4600000, 0x00000000c4600000|
|  13|0x00000000c4700000, 0x00000000c4800000, 0x00000000c4800000|100%| O|  |TS  3|AC  0|TAMS 0x00000000c4700000, 0x00000000c4700000|
|  14|0x00000000c4800000, 0x00000000c4900000, 0x00000000c4900000|100%| O|  |TS  3|AC  0|TAMS 0x00000000c4800000, 0x00000000c4800000|
|  15|0x00000000c4900000, 0x00000000c4a00000, 0x00000000c4a00000|100%|HS|  |TS  0|AC  0|TAMS 0x00000000c4a00000, 0x00000000c4a00000|
|  16|0x00000000c4a00000, 0x00000000c4b00000, 0x00000000c4b00000|100%|HC|  |TS  0|AC  0|TAMS 0x00000000c4b00000, 0x00000000c4b00000|
|  17|0x00000000c4b00000, 0x00000000c4c00000, 0x00000000c4c00000|100%|HS|  |TS  0|AC  0|TAMS 0x00000000c4c00000, 0x00000000c4c00000|
|  18|0x00000000c4c00000, 0x00000000c4d00000, 0x00000000c4d00000|100%| O|  |TS  0|AC  0|TAMS 0x00000000c4d00000, 0x00000000c4d00000|
|  19|0x00000000c4d00000, 0x00000000c4e00000, 0x00000000c4e00000|100%| O|  |TS  3|AC  0|TAMS 0x00000000c4d00000, 0x00000000c4d00000|
|  20|0x00000000c4e00000, 0x00000000c4f00000, 0x00000000c4f00000|100%| O|  |TS  0|AC  0|TAMS 0x00000000c4f00000, 0x00000000c4f00000|
|  21|0x00000000c4f00000, 0x00000000c5000000, 0x00000000c5000000|100%| O|  |TS  0|AC  0|TAMS 0x00000000c5000000, 0x00000000c5000000|
|  22|0x00000000c5000000, 0x00000000c5100000, 0x00000000c5100000|100%| O|  |TS  7|AC  0|TAMS 0x00000000c5000000, 0x00000000c5000000|
|  23|0x00000000c5100000, 0x00000000c5200000, 0x00000000c5200000|100%| O|  |TS  0|AC  0|TAMS 0x00000000c5200000, 0x00000000c5200000|
|  24|0x00000000c5200000, 0x00000000c5300000, 0x00000000c5300000|100%| O|  |TS  0|AC  0|TAMS 0x00000000c5300000, 0x00000000c5300000|
|  25|0x00000000c5300000, 0x00000000c5400000, 0x00000000c5400000|100%| O|  |TS  0|AC  0|TAMS 0x00000000c5400000, 0x00000000c5400000|
|  26|0x00000000c5400000, 0x00000000c5500000, 0x00000000c5500000|100%| O|  |TS  4|AC  0|TAMS 0x00000000c5400000, 0x00000000c5400000|
|  27|0x00000000c5500000, 0x00000000c5600000, 0x00000000c5600000|100%| O|  |TS  8|AC  0|TAMS 0x00000000c5500000, 0x00000000c5500000|
|  28|0x00000000c5600000, 0x00000000c5700000, 0x00000000c5700000|100%| O|  |TS  0|AC  0|TAMS 0x00000000c5700000, 0x00000000c5700000|
|  29|0x00000000c5700000, 0x00000000c5800000, 0x00000000c5800000|100%| O|  |TS  0|AC  0|TAMS 0x00000000c5800000, 0x00000000c5800000|
|  30|0x00000000c5800000, 0x00000000c5900000, 0x00000000c5900000|100%| O|  |TS  9|AC  0|TAMS 0x00000000c5800000, 0x00000000c5800000|
|  31|0x00000000c5900000, 0x00000000c5a00000, 0x00000000c5a00000|100%| O|  |TS 10|AC  0|TAMS 0x00000000c5900000, 0x00000000c5900000|
|  32|0x00000000c5a00000, 0x00000000c5b00000, 0x00000000c5b00000|100%| O|  |TS  0|AC  0|TAMS 0x00000000c5b00000, 0x00000000c5b00000|
|  33|0x00000000c5b00000, 0x00000000c5ba2a00, 0x00000000c5c00000| 63%| O|  |TS 10|AC  0|TAMS 0x00000000c5b00000, 0x00000000c5b00000|
|  34|0x00000000c5c00000, 0x00000000c5d00000, 0x00000000c5d00000|100%| O|  |TS  0|AC  0|TAMS 0x00000000c5d00000, 0x00000000c5d00000|
|  35|0x00000000c5d00000, 0x00000000c5d00000, 0x00000000c5e00000|  0%| F|  |TS  2|AC  0|TAMS 0x00000000c5d00000, 0x00000000c5d00000|
|  36|0x00000000c5e00000, 0x00000000c5f00000, 0x00000000c5f00000|100%| O|  |TS  0|AC  0|TAMS 0x00000000c5f00000, 0x00000000c5f00000|
|  37|0x00000000c5f00000, 0x00000000c5f00000, 0x00000000c6000000|  0%| F|  |TS  2|AC  0|TAMS 0x00000000c5f00000, 0x00000000c5f00000|
|  38|0x00000000c6000000, 0x00000000c6100000, 0x00000000c6100000|100%| O|  |TS  0|AC  0|TAMS 0x00000000c6100000, 0x00000000c6100000|
|  39|0x00000000c6100000, 0x00000000c6100000, 0x00000000c6200000|  0%| F|  |TS  2|AC  0|TAMS 0x00000000c6100000, 0x00000000c6100000|
|  40|0x00000000c6200000, 0x00000000c6200000, 0x00000000c6300000|  0%| F|  |TS  3|AC  0|TAMS 0x00000000c6200000, 0x00000000c6200000|
|  41|0x00000000c6300000, 0x00000000c6400000, 0x00000000c6400000|100%| O|  |TS  0|AC  0|TAMS 0x00000000c6400000, 0x00000000c6400000|
|  42|0x00000000c6400000, 0x00000000c6500000, 0x00000000c6500000|100%| O|  |TS  0|AC  0|TAMS 0x00000000c6500000, 0x00000000c6500000|
|  43|0x00000000c6500000, 0x00000000c6500000, 0x00000000c6600000|  0%| F|  |TS  2|AC  0|TAMS 0x00000000c6500000, 0x00000000c6500000|
|  44|0x00000000c6600000, 0x00000000c6700000, 0x00000000c6700000|100%| O|  |TS  0|AC  0|TAMS 0x00000000c6700000, 0x00000000c6700000|
|  45|0x00000000c6700000, 0x00000000c6700000, 0x00000000c6800000|  0%| F|  |TS  2|AC  0|TAMS 0x00000000c6700000, 0x00000000c6700000|
|  46|0x00000000c6800000, 0x00000000c6800000, 0x00000000c6900000|  0%| F|  |TS  2|AC  0|TAMS 0x00000000c6800000, 0x00000000c6800000|
|  47|0x00000000c6900000, 0x00000000c6a00000, 0x00000000c6a00000|100%| O|  |TS  0|AC  0|TAMS 0x00000000c6a00000, 0x00000000c6a00000|
|  48|0x00000000c6a00000, 0x00000000c6a00000, 0x00000000c6b00000|  0%| F|  |TS  2|AC  0|TAMS 0x00000000c6a00000, 0x00000000c6a00000|
|  49|0x00000000c6b00000, 0x00000000c6c00000, 0x00000000c6c00000|100%| O|  |TS  0|AC  0|TAMS 0x00000000c6c00000, 0x00000000c6c00000|
|  50|0x00000000c6c00000, 0x00000000c6d00000, 0x00000000c6d00000|100%| O|  |TS  0|AC  0|TAMS 0x00000000c6d00000, 0x00000000c6d00000|
|  51|0x00000000c6d00000, 0x00000000c6e00000, 0x00000000c6e00000|100%| O|  |TS  0|AC  0|TAMS 0x00000000c6e00000, 0x00000000c6e00000|
|  52|0x00000000c6e00000, 0x00000000c6f00000, 0x00000000c6f00000|100%| O|  |TS  0|AC  0|TAMS 0x00000000c6f00000, 0x00000000c6f00000|
|  53|0x00000000c6f00000, 0x00000000c7000000, 0x00000000c7000000|100%| O|  |TS  0|AC  0|TAMS 0x00000000c7000000, 0x00000000c7000000|
|  54|0x00000000c7000000, 0x00000000c7100000, 0x00000000c7100000|100%| O|  |TS  0|AC  0|TAMS 0x00000000c7100000, 0x00000000c7100000|
|  55|0x00000000c7100000, 0x00000000c7100000, 0x00000000c7200000|  0%| F|  |TS  3|AC  0|TAMS 0x00000000c7100000, 0x00000000c7100000|
|  56|0x00000000c7200000, 0x00000000c7300000, 0x00000000c7300000|100%| O|  |TS  0|AC  0|TAMS 0x00000000c7300000, 0x00000000c7300000|
|  57|0x00000000c7300000, 0x00000000c7400000, 0x00000000c7400000|100%| O|  |TS  0|AC  0|TAMS 0x00000000c7400000, 0x00000000c7400000|
|  58|0x00000000c7400000, 0x00000000c7500000, 0x00000000c7500000|100%| O|  |TS  0|AC  0|TAMS 0x00000000c7500000, 0x00000000c7500000|
|  59|0x00000000c7500000, 0x00000000c7600000, 0x00000000c7600000|100%| O|  |TS  0|AC  0|TAMS 0x00000000c7600000, 0x00000000c7600000|
|  60|0x00000000c7600000, 0x00000000c7700000, 0x00000000c7700000|100%| O|  |TS  0|AC  0|TAMS 0x00000000c7700000, 0x00000000c7700000|
|  61|0x00000000c7700000, 0x00000000c7800000, 0x00000000c7800000|100%| O|  |TS  0|AC  0|TAMS 0x00000000c7800000, 0x00000000c7800000|
|  62|0x00000000c7800000, 0x00000000c7900000, 0x00000000c7900000|100%| O|  |TS  0|AC  0|TAMS 0x00000000c7900000, 0x00000000c7900000|
|  63|0x00000000c7900000, 0x00000000c7a00000, 0x00000000c7a00000|100%| O|  |TS  0|AC  0|TAMS 0x00000000c7a00000, 0x00000000c7a00000|
|  64|0x00000000c7a00000, 0x00000000c7b00000, 0x00000000c7b00000|100%| O|  |TS  0|AC  0|TAMS 0x00000000c7b00000, 0x00000000c7b00000|
|  65|0x00000000c7b00000, 0x00000000c7c00000, 0x00000000c7c00000|100%| O|  |TS  0|AC  0|TAMS 0x00000000c7c00000, 0x00000000c7c00000|
|  66|0x00000000c7c00000, 0x00000000c7d00000, 0x00000000c7d00000|100%| O|  |TS  0|AC  0|TAMS 0x00000000c7d00000, 0x00000000c7d00000|
|  67|0x00000000c7d00000, 0x00000000c7e00000, 0x00000000c7e00000|100%| O|  |TS  0|AC  0|TAMS 0x00000000c7e00000, 0x00000000c7e00000|
|  68|0x00000000c7e00000, 0x00000000c7f00000, 0x00000000c7f00000|100%| O|  |TS  0|AC  0|TAMS 0x00000000c7f00000, 0x00000000c7f00000|
|  69|0x00000000c7f00000, 0x00000000c8000000, 0x00000000c8000000|100%| O|  |TS  0|AC  0|TAMS 0x00000000c8000000, 0x00000000c8000000|
|  70|0x00000000c8000000, 0x00000000c8000000, 0x00000000c8100000|  0%| F|  |TS  3|AC  0|TAMS 0x00000000c8000000, 0x00000000c8000000|
|  71|0x00000000c8100000, 0x00000000c8200000, 0x00000000c8200000|100%| O|  |TS  0|AC  0|TAMS 0x00000000c8200000, 0x00000000c8200000|
|  72|0x00000000c8200000, 0x00000000c8300000, 0x00000000c8300000|100%| O|  |TS  0|AC  0|TAMS 0x00000000c8300000, 0x00000000c8300000|
|  73|0x00000000c8300000, 0x00000000c8400000, 0x00000000c8400000|100%| O|  |TS  0|AC  0|TAMS 0x00000000c8400000, 0x00000000c8400000|
|  74|0x00000000c8400000, 0x00000000c8500000, 0x00000000c8500000|100%| O|  |TS  0|AC  0|TAMS 0x00000000c8500000, 0x00000000c8500000|
|  75|0x00000000c8500000, 0x00000000c8600000, 0x00000000c8600000|100%| O|  |TS  0|AC  0|TAMS 0x00000000c8600000, 0x00000000c8600000|
|  76|0x00000000c8600000, 0x00000000c8700000, 0x00000000c8700000|100%| O|  |TS  0|AC  0|TAMS 0x00000000c8700000, 0x00000000c8700000|
|  77|0x00000000c8700000, 0x00000000c8800000, 0x00000000c8800000|100%| O|  |TS  0|AC  0|TAMS 0x00000000c8800000, 0x00000000c8800000|
|  78|0x00000000c8800000, 0x00000000c8900000, 0x00000000c8900000|100%| O|  |TS  0|AC  0|TAMS 0x00000000c8900000, 0x00000000c8900000|
|  79|0x00000000c8900000, 0x00000000c8a00000, 0x00000000c8a00000|100%| O|  |TS  0|AC  0|TAMS 0x00000000c8a00000, 0x00000000c8a00000|
|  80|0x00000000c8a00000, 0x00000000c8b00000, 0x00000000c8b00000|100%| O|  |TS  0|AC  0|TAMS 0x00000000c8b00000, 0x00000000c8b00000|
|  81|0x00000000c8b00000, 0x00000000c8c00000, 0x00000000c8c00000|100%| O|  |TS  0|AC  0|TAMS 0x00000000c8c00000, 0x00000000c8c00000|
|  82|0x00000000c8c00000, 0x00000000c8d00000, 0x00000000c8d00000|100%| O|  |TS  0|AC  0|TAMS 0x00000000c8d00000, 0x00000000c8d00000|
|  83|0x00000000c8d00000, 0x00000000c8e00000, 0x00000000c8e00000|100%| O|  |TS  0|AC  0|TAMS 0x00000000c8e00000, 0x00000000c8e00000|
|  84|0x00000000c8e00000, 0x00000000c8f00000, 0x00000000c8f00000|100%| O|  |TS  0|AC  0|TAMS 0x00000000c8f00000, 0x00000000c8f00000|
|  85|0x00000000c8f00000, 0x00000000c9000000, 0x00000000c9000000|100%| O|  |TS  0|AC  0|TAMS 0x00000000c9000000, 0x00000000c9000000|
|  86|0x00000000c9000000, 0x00000000c9100000, 0x00000000c9100000|100%| O|  |TS  0|AC  0|TAMS 0x00000000c9100000, 0x00000000c9100000|
|  87|0x00000000c9100000, 0x00000000c9200000, 0x00000000c9200000|100%| O|  |TS  0|AC  0|TAMS 0x00000000c9200000, 0x00000000c9200000|
|  88|0x00000000c9200000, 0x00000000c9300000, 0x00000000c9300000|100%| O|  |TS  0|AC  0|TAMS 0x00000000c9300000, 0x00000000c9300000|
|  89|0x00000000c9300000, 0x00000000c9400000, 0x00000000c9400000|100%| O|  |TS  0|AC  0|TAMS 0x00000000c9400000, 0x00000000c9400000|
|  90|0x00000000c9400000, 0x00000000c9500000, 0x00000000c9500000|100%| O|  |TS  0|AC  0|TAMS 0x00000000c9500000, 0x00000000c9500000|
|  91|0x00000000c9500000, 0x00000000c9600000, 0x00000000c9600000|100%| O|  |TS  0|AC  0|TAMS 0x00000000c9600000, 0x00000000c9600000|
|  92|0x00000000c9600000, 0x00000000c9700000, 0x00000000c9700000|100%| O|  |TS  0|AC  0|TAMS 0x00000000c9700000, 0x00000000c9700000|
|  93|0x00000000c9700000, 0x00000000c9800000, 0x00000000c9800000|100%| O|  |TS  0|AC  0|TAMS 0x00000000c9800000, 0x00000000c9800000|
|  94|0x00000000c9800000, 0x00000000c9900000, 0x00000000c9900000|100%| O|  |TS  0|AC  0|TAMS 0x00000000c9900000, 0x00000000c9900000|
|  95|0x00000000c9900000, 0x00000000c9a00000, 0x00000000c9a00000|100%| O|  |TS  0|AC  0|TAMS 0x00000000c9a00000, 0x00000000c9a00000|
|  96|0x00000000c9a00000, 0x00000000c9b00000, 0x00000000c9b00000|100%| O|  |TS  0|AC  0|TAMS 0x00000000c9b00000, 0x00000000c9b00000|
|  97|0x00000000c9b00000, 0x00000000c9c00000, 0x00000000c9c00000|100%| O|  |TS  0|AC  0|TAMS 0x00000000c9c00000, 0x00000000c9c00000|
|  98|0x00000000c9c00000, 0x00000000c9d00000, 0x00000000c9d00000|100%| O|  |TS  0|AC  0|TAMS 0x00000000c9d00000, 0x00000000c9d00000|
|  99|0x00000000c9d00000, 0x00000000c9e00000, 0x00000000c9e00000|100%| O|  |TS  0|AC  0|TAMS 0x00000000c9e00000, 0x00000000c9e00000|
| 100|0x00000000c9e00000, 0x00000000c9f00000, 0x00000000c9f00000|100%| O|  |TS  0|AC  0|TAMS 0x00000000c9f00000, 0x00000000c9f00000|
| 101|0x00000000c9f00000, 0x00000000ca000000, 0x00000000ca000000|100%| O|  |TS  0|AC  0|TAMS 0x00000000ca000000, 0x00000000ca000000|
| 102|0x00000000ca000000, 0x00000000ca100000, 0x00000000ca100000|100%| O|  |TS  0|AC  0|TAMS 0x00000000ca100000, 0x00000000ca100000|
| 103|0x00000000ca100000, 0x00000000ca200000, 0x00000000ca200000|100%| O|  |TS  0|AC  0|TAMS 0x00000000ca200000, 0x00000000ca200000|
| 104|0x00000000ca200000, 0x00000000ca300000, 0x00000000ca300000|100%| O|  |TS  0|AC  0|TAMS 0x00000000ca300000, 0x00000000ca300000|
| 105|0x00000000ca300000, 0x00000000ca400000, 0x00000000ca400000|100%| O|  |TS  0|AC  0|TAMS 0x00000000ca400000, 0x00000000ca400000|
| 106|0x00000000ca400000, 0x00000000ca500000, 0x00000000ca500000|100%| O|  |TS  0|AC  0|TAMS 0x00000000ca500000, 0x00000000ca500000|
| 107|0x00000000ca500000, 0x00000000ca600000, 0x00000000ca600000|100%| O|  |TS  0|AC  0|TAMS 0x00000000ca600000, 0x00000000ca600000|
| 108|0x00000000ca600000, 0x00000000ca700000, 0x00000000ca700000|100%| O|  |TS  0|AC  0|TAMS 0x00000000ca700000, 0x00000000ca700000|
| 109|0x00000000ca700000, 0x00000000ca800000, 0x00000000ca800000|100%| O|  |TS  0|AC  0|TAMS 0x00000000ca800000, 0x00000000ca800000|
| 110|0x00000000ca800000, 0x00000000ca900000, 0x00000000ca900000|100%| O|  |TS  0|AC  0|TAMS 0x00000000ca900000, 0x00000000ca900000|
| 111|0x00000000ca900000, 0x00000000caa00000, 0x00000000caa00000|100%| O|  |TS  0|AC  0|TAMS 0x00000000caa00000, 0x00000000caa00000|
| 112|0x00000000caa00000, 0x00000000cab00000, 0x00000000cab00000|100%| O|  |TS  0|AC  0|TAMS 0x00000000cab00000, 0x00000000cab00000|
| 113|0x00000000cab00000, 0x00000000cac00000, 0x00000000cac00000|100%| O|  |TS  0|AC  0|TAMS 0x00000000cac00000, 0x00000000cac00000|
| 114|0x00000000cac00000, 0x00000000cad00000, 0x00000000cad00000|100%| O|  |TS  0|AC  0|TAMS 0x00000000cad00000, 0x00000000cad00000|
| 115|0x00000000cad00000, 0x00000000cae00000, 0x00000000cae00000|100%| O|  |TS  0|AC  0|TAMS 0x00000000cae00000, 0x00000000cae00000|
| 116|0x00000000cae00000, 0x00000000caf00000, 0x00000000caf00000|100%| O|  |TS  0|AC  0|TAMS 0x00000000caf00000, 0x00000000caf00000|
| 117|0x00000000caf00000, 0x00000000cb000000, 0x00000000cb000000|100%| O|  |TS  0|AC  0|TAMS 0x00000000cb000000, 0x00000000cb000000|
| 118|0x00000000cb000000, 0x00000000cb100000, 0x00000000cb100000|100%| O|  |TS  0|AC  0|TAMS 0x00000000cb100000, 0x00000000cb100000|
| 119|0x00000000cb100000, 0x00000000cb200000, 0x00000000cb200000|100%| O|  |TS  0|AC  0|TAMS 0x00000000cb200000, 0x00000000cb200000|
| 120|0x00000000cb200000, 0x00000000cb300000, 0x00000000cb300000|100%| O|  |TS  0|AC  0|TAMS 0x00000000cb300000, 0x00000000cb300000|
| 121|0x00000000cb300000, 0x00000000cb400000, 0x00000000cb400000|100%| O|  |TS  0|AC  0|TAMS 0x00000000cb400000, 0x00000000cb400000|
| 122|0x00000000cb400000, 0x00000000cb500000, 0x00000000cb500000|100%| O|  |TS  2|AC  0|TAMS 0x00000000cb452200, 0x00000000cb452200|
| 123|0x00000000cb500000, 0x00000000cb600000, 0x00000000cb600000|100%| O|  |TS  2|AC  0|TAMS 0x00000000cb500000, 0x00000000cb500000|
| 124|0x00000000cb600000, 0x00000000cb700000, 0x00000000cb700000|100%| O|  |TS  2|AC  0|TAMS 0x00000000cb600000, 0x00000000cb600000|
| 125|0x00000000cb700000, 0x00000000cb800000, 0x00000000cb800000|100%| O|  |TS  2|AC  0|TAMS 0x00000000cb700000, 0x00000000cb700000|
| 126|0x00000000cb800000, 0x00000000cb900000, 0x00000000cb900000|100%| O|  |TS  2|AC  0|TAMS 0x00000000cb800000, 0x00000000cb800000|
| 127|0x00000000cb900000, 0x00000000cba00000, 0x00000000cba00000|100%| O|  |TS  2|AC  0|TAMS 0x00000000cb900000, 0x00000000cb900000|
| 128|0x00000000cba00000, 0x00000000cba00000, 0x00000000cbb00000|  0%| F|  |TS  4|AC  0|TAMS 0x00000000cba00000, 0x00000000cba00000|
| 129|0x00000000cbb00000, 0x00000000cbb00000, 0x00000000cbc00000|  0%| F|  |TS  3|AC  0|TAMS 0x00000000cbb00000, 0x00000000cbb00000|
| 130|0x00000000cbc00000, 0x00000000cbc00000, 0x00000000cbd00000|  0%| F|  |TS  3|AC  0|TAMS 0x00000000cbc00000, 0x00000000cbc00000|
| 131|0x00000000cbd00000, 0x00000000cbd00000, 0x00000000cbe00000|  0%| F|  |TS  3|AC  0|TAMS 0x00000000cbd00000, 0x00000000cbd00000|
| 132|0x00000000cbe00000, 0x00000000cbe00000, 0x00000000cbf00000|  0%| F|  |TS  3|AC  0|TAMS 0x00000000cbe00000, 0x00000000cbe00000|
| 133|0x00000000cbf00000, 0x00000000cbf00000, 0x00000000cc000000|  0%| F|  |TS  3|AC  0|TAMS 0x00000000cbf00000, 0x00000000cbf00000|
| 134|0x00000000cc000000, 0x00000000cc000000, 0x00000000cc100000|  0%| F|  |TS  3|AC  0|TAMS 0x00000000cc000000, 0x00000000cc000000|
| 135|0x00000000cc100000, 0x00000000cc200000, 0x00000000cc200000|100%| O|  |TS  3|AC  0|TAMS 0x00000000cc100000, 0x00000000cc100000|
| 136|0x00000000cc200000, 0x00000000cc200000, 0x00000000cc300000|  0%| F|  |TS  3|AC  0|TAMS 0x00000000cc200000, 0x00000000cc200000|
| 137|0x00000000cc300000, 0x00000000cc300000, 0x00000000cc400000|  0%| F|  |TS  3|AC  0|TAMS 0x00000000cc300000, 0x00000000cc300000|
| 138|0x00000000cc400000, 0x00000000cc400000, 0x00000000cc500000|  0%| F|  |TS  3|AC  0|TAMS 0x00000000cc400000, 0x00000000cc400000|
| 139|0x00000000cc500000, 0x00000000cc500000, 0x00000000cc600000|  0%| F|  |TS  3|AC  0|TAMS 0x00000000cc500000, 0x00000000cc500000|
| 140|0x00000000cc600000, 0x00000000cc600000, 0x00000000cc700000|  0%| F|  |TS  3|AC  0|TAMS 0x00000000cc600000, 0x00000000cc600000|
| 141|0x00000000cc700000, 0x00000000cc700000, 0x00000000cc800000|  0%| F|  |TS  3|AC  0|TAMS 0x00000000cc700000, 0x00000000cc700000|
| 142|0x00000000cc800000, 0x00000000cc800000, 0x00000000cc900000|  0%| F|  |TS  3|AC  0|TAMS 0x00000000cc800000, 0x00000000cc800000|
| 143|0x00000000cc900000, 0x00000000cc900000, 0x00000000cca00000|  0%| F|  |TS  3|AC  0|TAMS 0x00000000cc900000, 0x00000000cc900000|
| 144|0x00000000cca00000, 0x00000000cca00000, 0x00000000ccb00000|  0%| F|  |TS  3|AC  0|TAMS 0x00000000cca00000, 0x00000000cca00000|
| 145|0x00000000ccb00000, 0x00000000ccb00000, 0x00000000ccc00000|  0%| F|  |TS  3|AC  0|TAMS 0x00000000ccb00000, 0x00000000ccb00000|
| 146|0x00000000ccc00000, 0x00000000ccc00000, 0x00000000ccd00000|  0%| F|  |TS  3|AC  0|TAMS 0x00000000ccc00000, 0x00000000ccc00000|
| 147|0x00000000ccd00000, 0x00000000ccd00000, 0x00000000cce00000|  0%| F|  |TS  3|AC  0|TAMS 0x00000000ccd00000, 0x00000000ccd00000|
| 148|0x00000000cce00000, 0x00000000cce00000, 0x00000000ccf00000|  0%| F|  |TS  3|AC  0|TAMS 0x00000000cce00000, 0x00000000cce00000|
| 149|0x00000000ccf00000, 0x00000000ccf00000, 0x00000000cd000000|  0%| F|  |TS  3|AC  0|TAMS 0x00000000ccf00000, 0x00000000ccf00000|
| 150|0x00000000cd000000, 0x00000000cd000000, 0x00000000cd100000|  0%| F|  |TS  3|AC  0|TAMS 0x00000000cd000000, 0x00000000cd000000|
| 151|0x00000000cd100000, 0x00000000cd100000, 0x00000000cd200000|  0%| F|  |TS  3|AC  0|TAMS 0x00000000cd100000, 0x00000000cd100000|
| 152|0x00000000cd200000, 0x00000000cd200000, 0x00000000cd300000|  0%| F|  |TS  3|AC  0|TAMS 0x00000000cd200000, 0x00000000cd200000|
| 153|0x00000000cd300000, 0x00000000cd300000, 0x00000000cd400000|  0%| F|  |TS  3|AC  0|TAMS 0x00000000cd300000, 0x00000000cd300000|
| 154|0x00000000cd400000, 0x00000000cd400000, 0x00000000cd500000|  0%| F|  |TS  3|AC  0|TAMS 0x00000000cd400000, 0x00000000cd400000|
| 155|0x00000000cd500000, 0x00000000cd500000, 0x00000000cd600000|  0%| F|  |TS  3|AC  0|TAMS 0x00000000cd500000, 0x00000000cd500000|
| 156|0x00000000cd600000, 0x00000000cd600000, 0x00000000cd700000|  0%| F|  |TS  3|AC  0|TAMS 0x00000000cd600000, 0x00000000cd600000|
| 157|0x00000000cd700000, 0x00000000cd700000, 0x00000000cd800000|  0%| F|  |TS  3|AC  0|TAMS 0x00000000cd700000, 0x00000000cd700000|
| 158|0x00000000cd800000, 0x00000000cd800000, 0x00000000cd900000|  0%| F|  |TS  3|AC  0|TAMS 0x00000000cd800000, 0x00000000cd800000|
| 159|0x00000000cd900000, 0x00000000cd900000, 0x00000000cda00000|  0%| F|  |TS  3|AC  0|TAMS 0x00000000cd900000, 0x00000000cd900000|
| 160|0x00000000cda00000, 0x00000000cda00000, 0x00000000cdb00000|  0%| F|  |TS  3|AC  0|TAMS 0x00000000cda00000, 0x00000000cda00000|
| 161|0x00000000cdb00000, 0x00000000cdb00000, 0x00000000cdc00000|  0%| F|  |TS  3|AC  0|TAMS 0x00000000cdb00000, 0x00000000cdb00000|
| 162|0x00000000cdc00000, 0x00000000cdc00000, 0x00000000cdd00000|  0%| F|  |TS  3|AC  0|TAMS 0x00000000cdc00000, 0x00000000cdc00000|
| 163|0x00000000cdd00000, 0x00000000cdd00000, 0x00000000cde00000|  0%| F|  |TS  3|AC  0|TAMS 0x00000000cdd00000, 0x00000000cdd00000|
| 164|0x00000000cde00000, 0x00000000cde00000, 0x00000000cdf00000|  0%| F|  |TS  3|AC  0|TAMS 0x00000000cde00000, 0x00000000cde00000|
| 165|0x00000000cdf00000, 0x00000000cdf00000, 0x00000000ce000000|  0%| F|  |TS  3|AC  0|TAMS 0x00000000cdf00000, 0x00000000cdf00000|
| 166|0x00000000ce000000, 0x00000000ce000000, 0x00000000ce100000|  0%| F|  |TS 10|AC  0|TAMS 0x00000000ce000000, 0x00000000ce000000|
| 167|0x00000000ce100000, 0x00000000ce200000, 0x00000000ce200000|100%| S|CS|TS 10|AC  0|TAMS 0x00000000ce100000, 0x00000000ce100000|
| 168|0x00000000ce200000, 0x00000000ce200000, 0x00000000ce300000|  0%| F|  |TS 10|AC  0|TAMS 0x00000000ce200000, 0x00000000ce200000|
| 169|0x00000000ce300000, 0x00000000ce300000, 0x00000000ce400000|  0%| F|  |TS 10|AC  0|TAMS 0x00000000ce300000, 0x00000000ce300000|
| 170|0x00000000ce400000, 0x00000000ce400000, 0x00000000ce500000|  0%| F|  |TS 10|AC  0|TAMS 0x00000000ce400000, 0x00000000ce400000|
| 171|0x00000000ce500000, 0x00000000ce500000, 0x00000000ce600000|  0%| F|  |TS 10|AC  0|TAMS 0x00000000ce500000, 0x00000000ce500000|
| 172|0x00000000ce600000, 0x00000000ce600000, 0x00000000ce700000|  0%| F|  |TS 10|AC  0|TAMS 0x00000000ce600000, 0x00000000ce600000|
| 173|0x00000000ce700000, 0x00000000ce700000, 0x00000000ce800000|  0%| F|  |TS 10|AC  0|TAMS 0x00000000ce700000, 0x00000000ce700000|
| 174|0x00000000ce800000, 0x00000000ce800000, 0x00000000ce900000|  0%| F|  |TS 10|AC  0|TAMS 0x00000000ce800000, 0x00000000ce800000|

Card table byte_map: [0x00007fc366c62000,0x00007fc366e45000] byte_map_base: 0x00007fc366645000

Marking Bits (Prev, Next): (CMBitMap*) 0x00007fc380043db0, (CMBitMap*) 0x00007fc380043de8
 Prev Bits: [0x00007fc365b67000, 0x00007fc366a7f000)
 Next Bits: [0x00007fc364c4f000, 0x00007fc365b67000)

Polling page: 0x00007fc387c24000

CodeHeap 'non-profiled nmethods': size=120032Kb used=6464Kb max_used=6464Kb free=113567Kb
 bounds [0x00007fc36f3e7000, 0x00007fc36fa77000, 0x00007fc37691f000]
CodeHeap 'profiled nmethods': size=120032Kb used=12145Kb max_used=12145Kb free=107886Kb
 bounds [0x00007fc367eaf000, 0x00007fc368adf000, 0x00007fc36f3e7000]
CodeHeap 'non-nmethods': size=5696Kb used=1136Kb max_used=1214Kb free=4559Kb
 bounds [0x00007fc36791f000, 0x00007fc367b8f000, 0x00007fc367eaf000]
 total_blobs=8525 nmethods=4593 adapters=381
 compilation: enabled

Compilation events (10 events):
Event: 153,727 Thread 0x00007fc380104000 nmethod 5891 0x00007fc368787090 code [0x00007fc368787560, 0x00007fc368788f28]
Event: 153,727 Thread 0x00007fc380104000 5896       1       org.apache.bcel.classfile.LineNumber::getStartPC (8 bytes)
Event: 153,727 Thread 0x00007fc380104000 nmethod 5896 0x00007fc36f8d3190 code [0x00007fc36f8d3340, 0x00007fc36f8d3450]
Event: 153,727 Thread 0x00007fc380104000 5899   !   2       edu.umd.cs.findbugs.detect.DumbMethods::sawOpcode (5914 bytes)
Event: 153,994 Thread 0x00007fc380100000 nmethod 5764% 0x00007fc36f925590 code [0x00007fc36f9259a0, 0x00007fc36f929430]
Event: 153,994 Thread 0x00007fc380100000 5759       4       java.util.HashMap::putMapEntries (154 bytes)
Event: 154,076 Thread 0x00007fc380104000 nmethod 5899 0x00007fc368ab1710 code [0x00007fc368ab4e00, 0x00007fc368ac6398]
Event: 154,076 Thread 0x00007fc380104000 5912       1       edu.umd.cs.findbugs.visitclass.DismantleBytecode::getCodeByte (11 bytes)
Event: 154,077 Thread 0x00007fc380104000 nmethod 5912 0x00007fc36f8d2e10 code [0x00007fc36f8d2fc0, 0x00007fc36f8d30f0]
Event: 154,077 Thread 0x00007fc380104000 5913  s    1       java.io.ByteArrayInputStream::available (10 bytes)

GC Heap History (10 events):
Event: 148,386 GC heap after
{Heap after GC invocations=123 (full 0):
 garbage-first heap   total 179200K, used 117545K [0x00000000c3a00000, 0x0000000100000000)
  region size 1024K, 1 young (1024K), 1 survivors (1024K)
 Metaspace       used 26111K, capacity 26504K, committed 26880K, reserved 1073152K
  class space    used 2766K, capacity 2955K, committed 3072K, reserved 1048576K
}
Event: 152,442 GC heap before
{Heap before GC invocations=123 (full 0):
 garbage-first heap   total 179200K, used 124713K [0x00000000c3a00000, 0x0000000100000000)
  region size 1024K, 8 young (8192K), 1 survivors (1024K)
 Metaspace       used 26398K, capacity 26760K, committed 27136K, reserved 1073152K
  class space    used 2781K, capacity 2955K, committed 3072K, reserved 1048576K
}
Event: 152,445 GC heap after
{Heap after GC invocations=124 (full 0):
 garbage-first heap   total 179200K, used 118528K [0x00000000c3a00000, 0x0000000100000000)
  region size 1024K, 1 young (1024K), 1 survivors (1024K)
 Metaspace       used 26398K, capacity 26760K, committed 27136K, reserved 1073152K
  class space    used 2781K, capacity 2955K, committed 3072K, reserved 1048576K
}
Event: 153,091 GC heap before
{Heap before GC invocations=124 (full 0):
 garbage-first heap   total 179200K, used 125696K [0x00000000c3a00000, 0x0000000100000000)
  region size 1024K, 8 young (8192K), 1 survivors (1024K)
 Metaspace       used 26619K, capacity 26984K, committed 27392K, reserved 1073152K
  class space    used 2795K, capacity 2987K, committed 3072K, reserved 1048576K
}
Event: 153,095 GC heap after
{Heap after GC invocations=125 (full 0):
 garbage-first heap   total 179200K, used 119579K [0x00000000c3a00000, 0x0000000100000000)
  region size 1024K, 1 young (1024K), 1 survivors (1024K)
 Metaspace       used 26619K, capacity 26984K, committed 27392K, reserved 1073152K
  class space    used 2795K, capacity 2987K, committed 3072K, reserved 1048576K
}
Event: 153,228 GC heap before
{Heap before GC invocations=125 (full 0):
 garbage-first heap   total 179200K, used 126747K [0x00000000c3a00000, 0x0000000100000000)
  region size 1024K, 8 young (8192K), 1 survivors (1024K)
 Metaspace       used 26899K, capacity 27368K, committed 27904K, reserved 1075200K
  class space    used 2795K, capacity 2987K, committed 3072K, reserved 1048576K
}
Event: 153,231 GC heap after
{Heap after GC invocations=126 (full 0):
 garbage-first heap   total 179200K, used 120070K [0x00000000c3a00000, 0x0000000100000000)
  region size 1024K, 1 young (1024K), 1 survivors (1024K)
 Metaspace       used 26899K, capacity 27368K, committed 27904K, reserved 1075200K
  class space    used 2795K, capacity 2987K, committed 3072K, reserved 1048576K
}
Event: 153,753 GC heap before
{Heap before GC invocations=126 (full 0):
 garbage-first heap   total 179200K, used 127238K [0x00000000c3a00000, 0x0000000100000000)
  region size 1024K, 8 young (8192K), 1 survivors (1024K)
 Metaspace       used 27050K, capacity 27499K, committed 27904K, reserved 1075200K
  class space    used 2798K, capacity 2988K, committed 3072K, reserved 1048576K
}
Event: 153,994 GC heap after
{Heap after GC invocations=127 (full 0):
 garbage-first heap   total 179200K, used 121330K [0x00000000c3a00000, 0x0000000100000000)
  region size 1024K, 1 young (1024K), 1 survivors (1024K)
 Metaspace       used 27050K, capacity 27499K, committed 27904K, reserved 1075200K
  class space    used 2798K, capacity 2988K, committed 3072K, reserved 1048576K
}
Event: 154,253 GC heap before
{Heap before GC invocations=127 (full 0):
 garbage-first heap   total 179200K, used 128498K [0x00000000c3a00000, 0x0000000100000000)
  region size 1024K, 8 young (8192K), 1 survivors (1024K)
 Metaspace       used 27052K, capacity 27499K, committed 27904K, reserved 1075200K
  class space    used 2798K, capacity 2988K, committed 3072K, reserved 1048576K
}

Deoptimization events (10 events):
Event: 153,054 Thread 0x00007fc380bc6800 Uncommon trap: reason=class_check action=maybe_recompile pc=0x00007fc36fa1abb0 method=org.objectweb.asm.ClassVisitor.visitSource(Ljava/lang/String;Ljava/lang/String;)V @ 13 c2
Event: 153,054 Thread 0x00007fc380bc6800 Uncommon trap: reason=bimorphic_or_optimized_type_check action=maybe_recompile pc=0x00007fc36f755a24 method=org.objectweb.asm.ClassVisitor.visitInnerClass(Ljava/lang/String;Ljava/lang/String;Ljava/lang/String;I)V @ 16 c2
Event: 153,054 Thread 0x00007fc380bc6800 Uncommon trap: reason=bimorphic_or_optimized_type_check action=maybe_recompile pc=0x00007fc36f4a4450 method=org.objectweb.asm.ClassVisitor.visitEnd()V @ 11 c2
Event: 153,061 Thread 0x00007fc380bc6800 Uncommon trap: reason=unstable_if action=reinterpret pc=0x00007fc36f72d1e0 method=java.util.Arrays.equals([Ljava/lang/Object;[Ljava/lang/Object;)Z @ 12 c2
Event: 153,145 Thread 0x00007fc380bc6800 Uncommon trap: reason=class_check action=maybe_recompile pc=0x00007fc36f880cd8 method=edu.umd.cs.findbugs.ba.ch.Subtypes2.isSubtype(Lorg/apache/bcel/generic/ReferenceType;Lorg/apache/bcel/generic/ReferenceType;)Z @ 2 c2
Event: 153,235 Thread 0x00007fc380bc6800 Uncommon trap: reason=class_check action=maybe_recompile pc=0x00007fc36f880cd8 method=edu.umd.cs.findbugs.ba.ch.Subtypes2.isSubtype(Lorg/apache/bcel/generic/ReferenceType;Lorg/apache/bcel/generic/ReferenceType;)Z @ 2 c2
Event: 153,379 Thread 0x00007fc380bc6800 Uncommon trap: reason=class_check action=maybe_recompile pc=0x00007fc36f741924 method=org.apache.bcel.classfile.Method.getCode()Lorg/apache/bcel/classfile/Code; @ 22 c2
Event: 153,379 Thread 0x00007fc380bc6800 Uncommon trap: reason=class_check action=maybe_recompile pc=0x00007fc36f741924 method=org.apache.bcel.classfile.Method.getCode()Lorg/apache/bcel/classfile/Code; @ 22 c2
Event: 153,379 Thread 0x00007fc380bc6800 Uncommon trap: reason=class_check action=maybe_recompile pc=0x00007fc36f741924 method=org.apache.bcel.classfile.Method.getCode()Lorg/apache/bcel/classfile/Code; @ 22 c2
Event: 153,529 Thread 0x00007fc380bc6800 Uncommon trap: reason=speculate_class_check action=maybe_recompile pc=0x00007fc36f51ef48 method=java.util.HashMap.removeNode(ILjava/lang/Object;Ljava/lang/Object;ZZ)Ljava/util/HashMap$Node; @ 283 c2

Classes redefined (0 events):
No events

Internal exceptions (10 events):
Event: 22,009 Thread 0x00007fc380bc6800 Exception <a 'java/io/FileNotFoundException'{0x00000000c8be01c0}> (0x00000000c8be01c0) thrown at [/build/openjdk-lts-Ae5PRQ/openjdk-lts-10.0.2+13/src/hotspot/share/prims/jni.cpp, line 611]
Event: 27,925 Thread 0x00007fc380bc6800 Implicit null exception at 0x00007fc36f745f42 to 0x00007fc36f7473de
Event: 42,373 Thread 0x00007fc380bc6800 Implicit null exception at 0x00007fc36f73d1cc to 0x00007fc36f73d372
Event: 44,626 Thread 0x00007fc380bc6800 Implicit null exception at 0x00007fc36f98f463 to 0x00007fc36f992016
Event: 54,964 Thread 0x00007fc380bc6800 Implicit null exception at 0x00007fc36f4a7553 to 0x00007fc36f4a7b9e
Event: 113,810 Thread 0x00007fc380bc6800 Exception <a 'java/lang/NoSuchMethodError'{0x00000000cbe10728}: java.lang.invoke.DirectMethodHandle$Holder.invokeStaticInit(Ljava/lang/Object;)V> (0x00000000cbe10728) thrown at [/build/openjdk-lts-Ae5PRQ/openjdk-lts-10.0.2+13/src/hotspot/share/interpreter
Event: 142,119 Thread 0x00007fc380bc6800 Implicit null exception at 0x00007fc36f80aacc to 0x00007fc36f80ab2e
Event: 150,472 Thread 0x00007fc380bc6800 Implicit null exception at 0x00007fc36f9b1e19 to 0x00007fc36f9b7ea6
Event: 152,434 Thread 0x00007fc380bc6800 Implicit null exception at 0x00007fc36f85e243 to 0x00007fc36f86115e
Event: 153,061 Thread 0x00007fc380bc6800 Implicit null exception at 0x00007fc36f72d0ca to 0x00007fc36f72d1ce

Events (10 events):
Event: 153,529 Thread 0x00007fc380bc6800 Uncommon trap: trap_request=0xffffff76 fr.pc=0x00007fc36f51ef48 relative=0x00000000000008c8
Event: 153,529 Thread 0x00007fc380bc6800 DEOPT PACKING pc=0x00007fc36f51ef48 sp=0x00007fc34c10f040
Event: 153,529 Thread 0x00007fc380bc6800 DEOPT UNPACKING pc=0x00007fc367946fa5 sp=0x00007fc34c10eef0 mode 2
Event: 153,547 loading class edu/umd/cs/findbugs/ba/interproc/ParameterProperty
Event: 153,547 loading class edu/umd/cs/findbugs/ba/interproc/ParameterProperty done
Event: 153,547 loading class edu/umd/cs/findbugs/ba/interproc/ParameterProperty$1
Event: 153,547 loading class edu/umd/cs/findbugs/ba/interproc/ParameterProperty$1 done
Event: 153,753 Executing VM operation: G1IncCollectionPause
Event: 153,994 Executing VM operation: G1IncCollectionPause done
Event: 154,253 Executing VM operation: G1IncCollectionPause


Dynamic libraries:
c3a00000-ce900000 rw-p 00000000 00:00 0 
e2600000-100000000 ---p 00000000 00:00 0 
100000000-100300000 rw-p 00000000 00:00 0 
100300000-140000000 ---p 00000000 00:00 0 
55db710ff000-55db71100000 r-xp 00000000 08:04 2244300                    /usr/lib/jvm/java-11-openjdk-amd64/bin/java
55db71300000-55db71301000 r--p 00001000 08:04 2244300                    /usr/lib/jvm/java-11-openjdk-amd64/bin/java
55db71301000-55db71302000 rw-p 00002000 08:04 2244300                    /usr/lib/jvm/java-11-openjdk-amd64/bin/java
55db7160d000-55db7162e000 rw-p 00000000 00:00 0                          [heap]
7fc2f8000000-7fc2f8021000 rw-p 00000000 00:00 0 
7fc2f8021000-7fc2fc000000 ---p 00000000 00:00 0 
7fc2fc000000-7fc2fc021000 rw-p 00000000 00:00 0 
7fc2fc021000-7fc300000000 ---p 00000000 00:00 0 
7fc300000000-7fc300991000 rw-p 00000000 00:00 0 
7fc300991000-7fc304000000 ---p 00000000 00:00 0 
7fc304000000-7fc304021000 rw-p 00000000 00:00 0 
7fc304021000-7fc308000000 ---p 00000000 00:00 0 
7fc30a1d4000-7fc30a214000 rw-p 00000000 00:00 0 
7fc30a214000-7fc30a3d4000 ---p 00000000 00:00 0 
7fc30a3d4000-7fc30a5d4000 rw-p 00000000 00:00 0 
7fc30a5d4000-7fc30a7d4000 rw-p 00000000 00:00 0 
7fc30a7d4000-7fc30a9d4000 rw-p 00000000 00:00 0 
7fc30a9d4000-7fc30abd4000 rw-p 00000000 00:00 0 
7fc30abd4000-7fc30abd9000 r-xp 00000000 08:04 3298098                    /usr/lib/jvm/java-11-openjdk-amd64/lib/libmanagement_ext.so
7fc30abd9000-7fc30add8000 ---p 00005000 08:04 3298098                    /usr/lib/jvm/java-11-openjdk-amd64/lib/libmanagement_ext.so
7fc30add8000-7fc30add9000 r--p 00004000 08:04 3298098                    /usr/lib/jvm/java-11-openjdk-amd64/lib/libmanagement_ext.so
7fc30add9000-7fc30adda000 rw-p 00005000 08:04 3298098                    /usr/lib/jvm/java-11-openjdk-amd64/lib/libmanagement_ext.so
7fc30adda000-7fc30adde000 r-xp 00000000 08:04 3298096                    /usr/lib/jvm/java-11-openjdk-amd64/lib/libmanagement.so
7fc30adde000-7fc30afdd000 ---p 00004000 08:04 3298096                    /usr/lib/jvm/java-11-openjdk-amd64/lib/libmanagement.so
7fc30afdd000-7fc30afde000 r--p 00003000 08:04 3298096                    /usr/lib/jvm/java-11-openjdk-amd64/lib/libmanagement.so
7fc30afde000-7fc30afdf000 rw-p 00004000 08:04 3298096                    /usr/lib/jvm/java-11-openjdk-amd64/lib/libmanagement.so
7fc30afdf000-7fc30b1df000 rw-p 00000000 00:00 0 
7fc30b1df000-7fc30b3df000 rw-p 00000000 00:00 0 
7fc30b3df000-7fc30b3e3000 ---p 00000000 00:00 0 
7fc30b3e3000-7fc30b4e0000 rw-p 00000000 00:00 0 
7fc30b4e0000-7fc30b4e4000 ---p 00000000 00:00 0 
7fc30b4e4000-7fc30b7e1000 rw-p 00000000 00:00 0 
7fc30b7e1000-7fc30b7e6000 r-xp 00000000 08:04 2652477                    /home/alessandra/.gradle/native/25/linux-amd64/libnative-platform.so
7fc30b7e6000-7fc30b9e5000 ---p 00005000 08:04 2652477                    /home/alessandra/.gradle/native/25/linux-amd64/libnative-platform.so
7fc30b9e5000-7fc30b9e6000 rw-p 00004000 08:04 2652477                    /home/alessandra/.gradle/native/25/linux-amd64/libnative-platform.so
7fc30b9e6000-7fc30b9e7000 r-xp 00000000 08:04 3298081                    /usr/lib/jvm/java-11-openjdk-amd64/lib/libextnet.so
7fc30b9e7000-7fc30bbe6000 ---p 00001000 08:04 3298081                    /usr/lib/jvm/java-11-openjdk-amd64/lib/libextnet.so
7fc30bbe6000-7fc30bbe7000 r--p 00000000 08:04 3298081                    /usr/lib/jvm/java-11-openjdk-amd64/lib/libextnet.so
7fc30bbe7000-7fc30bbe8000 rw-p 00001000 08:04 3298081                    /usr/lib/jvm/java-11-openjdk-amd64/lib/libextnet.so
7fc30bbe8000-7fc30bde8000 rw-p 00000000 00:00 0 
7fc30bde8000-7fc30bdff000 r-xp 00000000 08:04 3298100                    /usr/lib/jvm/java-11-openjdk-amd64/lib/libnet.so
7fc30bdff000-7fc30bffe000 ---p 00017000 08:04 3298100                    /usr/lib/jvm/java-11-openjdk-amd64/lib/libnet.so
7fc30bffe000-7fc30bfff000 r--p 00016000 08:04 3298100                    /usr/lib/jvm/java-11-openjdk-amd64/lib/libnet.so
7fc30bfff000-7fc30c000000 rw-p 00017000 08:04 3298100                    /usr/lib/jvm/java-11-openjdk-amd64/lib/libnet.so
7fc30c000000-7fc30c021000 rw-p 00000000 00:00 0 
7fc30c021000-7fc310000000 ---p 00000000 00:00 0 
7fc310000000-7fc310021000 rw-p 00000000 00:00 0 
7fc310021000-7fc314000000 ---p 00000000 00:00 0 
7fc314000000-7fc315409000 rw-p 00000000 00:00 0 
7fc315409000-7fc318000000 ---p 00000000 00:00 0 
7fc318000000-7fc318029000 rw-p 00000000 00:00 0 
7fc318029000-7fc31c000000 ---p 00000000 00:00 0 
7fc31c000000-7fc31f7a4000 rw-p 00000000 00:00 0 
7fc31f7a4000-7fc320000000 ---p 00000000 00:00 0 
7fc320000000-7fc323426000 rw-p 00000000 00:00 0 
7fc323426000-7fc324000000 ---p 00000000 00:00 0 
7fc324000000-7fc324021000 rw-p 00000000 00:00 0 
7fc324021000-7fc328000000 ---p 00000000 00:00 0 
7fc328000000-7fc328021000 rw-p 00000000 00:00 0 
7fc328021000-7fc32c000000 ---p 00000000 00:00 0 
7fc32c000000-7fc32c062000 rw-p 00000000 00:00 0 
7fc32c062000-7fc330000000 ---p 00000000 00:00 0 
7fc330000000-7fc330021000 rw-p 00000000 00:00 0 
7fc330021000-7fc334000000 ---p 00000000 00:00 0 
7fc334000000-7fc334021000 rw-p 00000000 00:00 0 
7fc334021000-7fc338000000 ---p 00000000 00:00 0 
7fc338000000-7fc338021000 rw-p 00000000 00:00 0 
7fc338021000-7fc33c000000 ---p 00000000 00:00 0 
7fc33c000000-7fc33c021000 rw-p 00000000 00:00 0 
7fc33c021000-7fc340000000 ---p 00000000 00:00 0 
7fc340000000-7fc340021000 rw-p 00000000 00:00 0 
7fc340021000-7fc344000000 ---p 00000000 00:00 0 
7fc344000000-7fc344030000 rw-p 00000000 00:00 0 
7fc344030000-7fc348000000 ---p 00000000 00:00 0 
7fc348000000-7fc348021000 rw-p 00000000 00:00 0 
7fc348021000-7fc34c000000 ---p 00000000 00:00 0 
7fc34c011000-7fc34c015000 ---p 00000000 00:00 0 
7fc34c015000-7fc34c112000 rw-p 00000000 00:00 0 
7fc34c112000-7fc34c123000 r-xp 00000000 08:04 3298101                    /usr/lib/jvm/java-11-openjdk-amd64/lib/libnio.so
7fc34c123000-7fc34c322000 ---p 00011000 08:04 3298101                    /usr/lib/jvm/java-11-openjdk-amd64/lib/libnio.so
7fc34c322000-7fc34c323000 r--p 00010000 08:04 3298101                    /usr/lib/jvm/java-11-openjdk-amd64/lib/libnio.so
7fc34c323000-7fc34c324000 rw-p 00011000 08:04 3298101                    /usr/lib/jvm/java-11-openjdk-amd64/lib/libnio.so
7fc34c324000-7fc34c328000 ---p 00000000 00:00 0 
7fc34c328000-7fc34c425000 rw-p 00000000 00:00 0 
7fc34c425000-7fc34c426000 ---p 00000000 00:00 0 
7fc34c426000-7fc34c527000 rw-p 00000000 00:00 0 
7fc34c527000-7fc34c52b000 ---p 00000000 00:00 0 
7fc34c52b000-7fc34c628000 rw-p 00000000 00:00 0 
7fc34c628000-7fc34c62c000 ---p 00000000 00:00 0 
7fc34c62c000-7fc34c729000 rw-p 00000000 00:00 0 
7fc34c729000-7fc34c72d000 ---p 00000000 00:00 0 
7fc34c72d000-7fc34c82a000 rw-p 00000000 00:00 0 
7fc34c82a000-7fc34c82e000 ---p 00000000 00:00 0 
7fc34c82e000-7fc34c92b000 rw-p 00000000 00:00 0 
7fc34c92b000-7fc34c92f000 ---p 00000000 00:00 0 
7fc34c92f000-7fc34ca2c000 rw-p 00000000 00:00 0 
7fc34ca2c000-7fc34ca30000 ---p 00000000 00:00 0 
7fc34ca30000-7fc34cb2d000 rw-p 00000000 00:00 0 
7fc34cb2d000-7fc34d4fc000 r--p 00000000 08:04 2235121                    /usr/lib/locale/locale-archive
7fc34d4fc000-7fc34d500000 ---p 00000000 00:00 0 
7fc34d500000-7fc34d5fd000 rw-p 00000000 00:00 0 
7fc34d5fd000-7fc34d601000 ---p 00000000 00:00 0 
7fc34d601000-7fc34d6fe000 rw-p 00000000 00:00 0 
7fc34d6fe000-7fc34d6ff000 ---p 00000000 00:00 0 
7fc34d6ff000-7fc350000000 rw-p 00000000 00:00 0 
7fc350000000-7fc3500c2000 rw-p 00000000 00:00 0 
7fc3500c2000-7fc354000000 ---p 00000000 00:00 0 
7fc354000000-7fc354021000 rw-p 00000000 00:00 0 
7fc354021000-7fc358000000 ---p 00000000 00:00 0 
7fc358000000-7fc3580be000 rw-p 00000000 00:00 0 
7fc3580be000-7fc35c000000 ---p 00000000 00:00 0 
7fc35c000000-7fc35c0c1000 rw-p 00000000 00:00 0 
7fc35c0c1000-7fc360000000 ---p 00000000 00:00 0 
7fc360000000-7fc3600aa000 rw-p 00000000 00:00 0 
7fc3600aa000-7fc364000000 ---p 00000000 00:00 0 
7fc36408f000-7fc364096000 r--s 00000000 08:04 2492107                    /usr/lib/x86_64-linux-gnu/gconv/gconv-modules.cache
7fc364096000-7fc36413d000 rw-p 00000000 00:00 0 
7fc36413d000-7fc36413e000 ---p 00000000 00:00 0 
7fc36413e000-7fc36423f000 rw-p 00000000 00:00 0 
7fc36423f000-7fc364240000 ---p 00000000 00:00 0 
7fc364240000-7fc364341000 rw-p 00000000 00:00 0 
7fc364341000-7fc364342000 ---p 00000000 00:00 0 
7fc364342000-7fc364443000 rw-p 00000000 00:00 0 
7fc364443000-7fc364444000 ---p 00000000 00:00 0 
7fc364444000-7fc364545000 rw-p 00000000 00:00 0 
7fc364545000-7fc364546000 ---p 00000000 00:00 0 
7fc364546000-7fc364a4b000 rw-p 00000000 00:00 0 
7fc364a4b000-7fc364a4c000 ---p 00000000 00:00 0 
7fc364a4c000-7fc364b4d000 rw-p 00000000 00:00 0 
7fc364b4d000-7fc364b4e000 ---p 00000000 00:00 0 
7fc364b4e000-7fc364f0b000 rw-p 00000000 00:00 0 
7fc364f0b000-7fc365b67000 ---p 00000000 00:00 0 
7fc365b67000-7fc365e23000 rw-p 00000000 00:00 0 
7fc365e23000-7fc366a7f000 ---p 00000000 00:00 0 
7fc366a7f000-7fc366ad7000 rw-p 00000000 00:00 0 
7fc366ad7000-7fc366c62000 ---p 00000000 00:00 0 
7fc366c62000-7fc366cba000 rw-p 00000000 00:00 0 
7fc366cba000-7fc366e45000 ---p 00000000 00:00 0 
7fc366e45000-7fc366e9d000 rw-p 00000000 00:00 0 
7fc366e9d000-7fc367028000 ---p 00000000 00:00 0 
7fc367028000-7fc36742c000 rw-p 00000000 00:00 0 
7fc36742c000-7fc36742d000 ---p 00000000 00:00 0 
7fc36742d000-7fc36752e000 rw-p 00000000 00:00 0 
7fc36752e000-7fc36752f000 ---p 00000000 00:00 0 
7fc36752f000-7fc367630000 rw-p 00000000 00:00 0 
7fc367630000-7fc367631000 ---p 00000000 00:00 0 
7fc367631000-7fc367732000 rw-p 00000000 00:00 0 
7fc367732000-7fc367733000 ---p 00000000 00:00 0 
7fc367733000-7fc367842000 rw-p 00000000 00:00 0 
7fc367842000-7fc36791f000 ---p 00000000 00:00 0 
7fc36791f000-7fc367b8f000 rwxp 00000000 00:00 0 
7fc367b8f000-7fc367eaf000 ---p 00000000 00:00 0 
7fc367eaf000-7fc368adf000 rwxp 00000000 00:00 0 
7fc368adf000-7fc36f3e7000 ---p 00000000 00:00 0 
7fc36f3e7000-7fc36fa77000 rwxp 00000000 00:00 0 
7fc36fa77000-7fc37691f000 ---p 00000000 00:00 0 
7fc37691f000-7fc37fdfa000 r--s 00000000 08:04 3298110                    /usr/lib/jvm/java-11-openjdk-amd64/lib/modules
7fc37fdfa000-7fc37fdff000 r-xp 00000000 08:04 3298092                    /usr/lib/jvm/java-11-openjdk-amd64/lib/libjimage.so
7fc37fdff000-7fc37fffe000 ---p 00005000 08:04 3298092                    /usr/lib/jvm/java-11-openjdk-amd64/lib/libjimage.so
7fc37fffe000-7fc37ffff000 r--p 00004000 08:04 3298092                    /usr/lib/jvm/java-11-openjdk-amd64/lib/libjimage.so
7fc37ffff000-7fc380000000 rw-p 00005000 08:04 3298092                    /usr/lib/jvm/java-11-openjdk-amd64/lib/libjimage.so
7fc380000000-7fc380c22000 rw-p 00000000 00:00 0 
7fc380c22000-7fc384000000 ---p 00000000 00:00 0 
7fc384004000-7fc384025000 r--p 00000000 08:04 2755568                    /usr/share/locale-langpack/it/LC_MESSAGES/libc.mo
7fc384025000-7fc38403e000 rw-p 00000000 00:00 0 
7fc38403e000-7fc384110000 ---p 00000000 00:00 0 
7fc384110000-7fc384117000 r-xp 00000000 08:04 3298109                    /usr/lib/jvm/java-11-openjdk-amd64/lib/libzip.so
7fc384117000-7fc384316000 ---p 00007000 08:04 3298109                    /usr/lib/jvm/java-11-openjdk-amd64/lib/libzip.so
7fc384316000-7fc384317000 r--p 00006000 08:04 3298109                    /usr/lib/jvm/java-11-openjdk-amd64/lib/libzip.so
7fc384317000-7fc384318000 rw-p 00007000 08:04 3298109                    /usr/lib/jvm/java-11-openjdk-amd64/lib/libzip.so
7fc384318000-7fc384323000 r-xp 00000000 08:04 1840584                    /lib/x86_64-linux-gnu/libnss_files-2.27.so
7fc384323000-7fc384522000 ---p 0000b000 08:04 1840584                    /lib/x86_64-linux-gnu/libnss_files-2.27.so
7fc384522000-7fc384523000 r--p 0000a000 08:04 1840584                    /lib/x86_64-linux-gnu/libnss_files-2.27.so
7fc384523000-7fc384524000 rw-p 0000b000 08:04 1840584                    /lib/x86_64-linux-gnu/libnss_files-2.27.so
7fc384524000-7fc38452a000 rw-p 00000000 00:00 0 
7fc38452a000-7fc384541000 r-xp 00000000 08:04 1840578                    /lib/x86_64-linux-gnu/libnsl-2.27.so
7fc384541000-7fc384740000 ---p 00017000 08:04 1840578                    /lib/x86_64-linux-gnu/libnsl-2.27.so
7fc384740000-7fc384741000 r--p 00016000 08:04 1840578                    /lib/x86_64-linux-gnu/libnsl-2.27.so
7fc384741000-7fc384742000 rw-p 00017000 08:04 1840578                    /lib/x86_64-linux-gnu/libnsl-2.27.so
7fc384742000-7fc384744000 rw-p 00000000 00:00 0 
7fc384744000-7fc38474f000 r-xp 00000000 08:04 1840595                    /lib/x86_64-linux-gnu/libnss_nis-2.27.so
7fc38474f000-7fc38494e000 ---p 0000b000 08:04 1840595                    /lib/x86_64-linux-gnu/libnss_nis-2.27.so
7fc38494e000-7fc38494f000 r--p 0000a000 08:04 1840595                    /lib/x86_64-linux-gnu/libnss_nis-2.27.so
7fc38494f000-7fc384950000 rw-p 0000b000 08:04 1840595                    /lib/x86_64-linux-gnu/libnss_nis-2.27.so
7fc384950000-7fc384958000 r-xp 00000000 08:04 1840580                    /lib/x86_64-linux-gnu/libnss_compat-2.27.so
7fc384958000-7fc384b58000 ---p 00008000 08:04 1840580                    /lib/x86_64-linux-gnu/libnss_compat-2.27.so
7fc384b58000-7fc384b59000 r--p 00008000 08:04 1840580                    /lib/x86_64-linux-gnu/libnss_compat-2.27.so
7fc384b59000-7fc384b5a000 rw-p 00009000 08:04 1840580                    /lib/x86_64-linux-gnu/libnss_compat-2.27.so
7fc384b5a000-7fc384b86000 r-xp 00000000 08:04 3298088                    /usr/lib/jvm/java-11-openjdk-amd64/lib/libjava.so
7fc384b86000-7fc384d85000 ---p 0002c000 08:04 3298088                    /usr/lib/jvm/java-11-openjdk-amd64/lib/libjava.so
7fc384d85000-7fc384d86000 r--p 0002b000 08:04 3298088                    /usr/lib/jvm/java-11-openjdk-amd64/lib/libjava.so
7fc384d86000-7fc384d88000 rw-p 0002c000 08:04 3298088                    /usr/lib/jvm/java-11-openjdk-amd64/lib/libjava.so
7fc384d88000-7fc384d95000 r-xp 00000000 08:04 3298108                    /usr/lib/jvm/java-11-openjdk-amd64/lib/libverify.so
7fc384d95000-7fc384f94000 ---p 0000d000 08:04 3298108                    /usr/lib/jvm/java-11-openjdk-amd64/lib/libverify.so
7fc384f94000-7fc384f96000 r--p 0000c000 08:04 3298108                    /usr/lib/jvm/java-11-openjdk-amd64/lib/libverify.so
7fc384f96000-7fc384f97000 rw-p 0000e000 08:04 3298108                    /usr/lib/jvm/java-11-openjdk-amd64/lib/libverify.so
7fc384f97000-7fc384f9e000 r-xp 00000000 08:04 1840635                    /lib/x86_64-linux-gnu/librt-2.27.so
7fc384f9e000-7fc38519d000 ---p 00007000 08:04 1840635                    /lib/x86_64-linux-gnu/librt-2.27.so
7fc38519d000-7fc38519e000 r--p 00006000 08:04 1840635                    /lib/x86_64-linux-gnu/librt-2.27.so
7fc38519e000-7fc38519f000 rw-p 00007000 08:04 1840635                    /lib/x86_64-linux-gnu/librt-2.27.so
7fc38519f000-7fc3851b6000 r-xp 00000000 08:04 1835039                    /lib/x86_64-linux-gnu/libgcc_s.so.1
7fc3851b6000-7fc3853b5000 ---p 00017000 08:04 1835039                    /lib/x86_64-linux-gnu/libgcc_s.so.1
7fc3853b5000-7fc3853b6000 r--p 00016000 08:04 1835039                    /lib/x86_64-linux-gnu/libgcc_s.so.1
7fc3853b6000-7fc3853b7000 rw-p 00017000 08:04 1835039                    /lib/x86_64-linux-gnu/libgcc_s.so.1
7fc3853b7000-7fc385554000 r-xp 00000000 08:04 1840557                    /lib/x86_64-linux-gnu/libm-2.27.so
7fc385554000-7fc385753000 ---p 0019d000 08:04 1840557                    /lib/x86_64-linux-gnu/libm-2.27.so
7fc385753000-7fc385754000 r--p 0019c000 08:04 1840557                    /lib/x86_64-linux-gnu/libm-2.27.so
7fc385754000-7fc385755000 rw-p 0019d000 08:04 1840557                    /lib/x86_64-linux-gnu/libm-2.27.so
7fc385755000-7fc3858ce000 r-xp 00000000 08:04 2230924                    /usr/lib/x86_64-linux-gnu/libstdc++.so.6.0.25
7fc3858ce000-7fc385ace000 ---p 00179000 08:04 2230924                    /usr/lib/x86_64-linux-gnu/libstdc++.so.6.0.25
7fc385ace000-7fc385ad8000 r--p 00179000 08:04 2230924                    /usr/lib/x86_64-linux-gnu/libstdc++.so.6.0.25
7fc385ad8000-7fc385ada000 rw-p 00183000 08:04 2230924                    /usr/lib/x86_64-linux-gnu/libstdc++.so.6.0.25
7fc385ada000-7fc385ade000 rw-p 00000000 00:00 0 
7fc385ade000-7fc386a7b000 r-xp 00000000 08:04 262728                     /usr/lib/jvm/java-11-openjdk-amd64/lib/server/libjvm.so
7fc386a7b000-7fc386c7b000 ---p 00f9d000 08:04 262728                     /usr/lib/jvm/java-11-openjdk-amd64/lib/server/libjvm.so
7fc386c7b000-7fc386d3f000 r--p 00f9d000 08:04 262728                     /usr/lib/jvm/java-11-openjdk-amd64/lib/server/libjvm.so
7fc386d3f000-7fc386d77000 rw-p 01061000 08:04 262728                     /usr/lib/jvm/java-11-openjdk-amd64/lib/server/libjvm.so
7fc386d77000-7fc386dc0000 rw-p 00000000 00:00 0 
7fc386dc0000-7fc386dda000 r-xp 00000000 08:04 1840627                    /lib/x86_64-linux-gnu/libpthread-2.27.so
7fc386dda000-7fc386fd9000 ---p 0001a000 08:04 1840627                    /lib/x86_64-linux-gnu/libpthread-2.27.so
7fc386fd9000-7fc386fda000 r--p 00019000 08:04 1840627                    /lib/x86_64-linux-gnu/libpthread-2.27.so
7fc386fda000-7fc386fdb000 rw-p 0001a000 08:04 1840627                    /lib/x86_64-linux-gnu/libpthread-2.27.so
7fc386fdb000-7fc386fdf000 rw-p 00000000 00:00 0 
7fc386fdf000-7fc386fe2000 r-xp 00000000 08:04 1840517                    /lib/x86_64-linux-gnu/libdl-2.27.so
7fc386fe2000-7fc3871e1000 ---p 00003000 08:04 1840517                    /lib/x86_64-linux-gnu/libdl-2.27.so
7fc3871e1000-7fc3871e2000 r--p 00002000 08:04 1840517                    /lib/x86_64-linux-gnu/libdl-2.27.so
7fc3871e2000-7fc3871e3000 rw-p 00003000 08:04 1840517                    /lib/x86_64-linux-gnu/libdl-2.27.so
7fc3871e3000-7fc3871ff000 r-xp 00000000 08:04 1840666                    /lib/x86_64-linux-gnu/libz.so.1.2.11
7fc3871ff000-7fc3873fe000 ---p 0001c000 08:04 1840666                    /lib/x86_64-linux-gnu/libz.so.1.2.11
7fc3873fe000-7fc3873ff000 r--p 0001b000 08:04 1840666                    /lib/x86_64-linux-gnu/libz.so.1.2.11
7fc3873ff000-7fc387400000 rw-p 0001c000 08:04 1840666                    /lib/x86_64-linux-gnu/libz.so.1.2.11
7fc387400000-7fc3875e7000 r-xp 00000000 08:04 1840494                    /lib/x86_64-linux-gnu/libc-2.27.so
7fc3875e7000-7fc3877e7000 ---p 001e7000 08:04 1840494                    /lib/x86_64-linux-gnu/libc-2.27.so
7fc3877e7000-7fc3877eb000 r--p 001e7000 08:04 1840494                    /lib/x86_64-linux-gnu/libc-2.27.so
7fc3877eb000-7fc3877ed000 rw-p 001eb000 08:04 1840494                    /lib/x86_64-linux-gnu/libc-2.27.so
7fc3877ed000-7fc3877f1000 rw-p 00000000 00:00 0 
7fc3877f1000-7fc387800000 r-xp 00000000 08:04 3298073                    /usr/lib/jvm/java-11-openjdk-amd64/lib/jli/libjli.so
7fc387800000-7fc3879ff000 ---p 0000f000 08:04 3298073                    /usr/lib/jvm/java-11-openjdk-amd64/lib/jli/libjli.so
7fc3879ff000-7fc387a00000 r--p 0000e000 08:04 3298073                    /usr/lib/jvm/java-11-openjdk-amd64/lib/jli/libjli.so
7fc387a00000-7fc387a01000 rw-p 0000f000 08:04 3298073                    /usr/lib/jvm/java-11-openjdk-amd64/lib/jli/libjli.so
7fc387a01000-7fc387a28000 r-xp 00000000 08:04 1840466                    /lib/x86_64-linux-gnu/ld-2.27.so
7fc387a2a000-7fc387b0b000 rw-p 00000000 00:00 0 
7fc387b0b000-7fc387b0f000 ---p 00000000 00:00 0 
7fc387b0f000-7fc387c0e000 rw-p 00000000 00:00 0 
7fc387c0f000-7fc387c15000 rw-p 00000000 00:00 0 
7fc387c15000-7fc387c1c000 ---p 00000000 00:00 0 
7fc387c1c000-7fc387c24000 rw-s 00000000 08:04 273861                     /tmp/hsperfdata_alessandra/31375
7fc387c24000-7fc387c25000 ---p 00000000 00:00 0 
7fc387c25000-7fc387c26000 r--p 00000000 00:00 0 
7fc387c26000-7fc387c28000 rw-p 00000000 00:00 0 
7fc387c28000-7fc387c29000 r--p 00027000 08:04 1840466                    /lib/x86_64-linux-gnu/ld-2.27.so
7fc387c29000-7fc387c2a000 rw-p 00028000 08:04 1840466                    /lib/x86_64-linux-gnu/ld-2.27.so
7fc387c2a000-7fc387c2b000 rw-p 00000000 00:00 0 
7fffa96e6000-7fffa9707000 rw-p 00000000 00:00 0                          [stack]
7fffa97aa000-7fffa97ad000 r--p 00000000 00:00 0                          [vvar]
7fffa97ad000-7fffa97af000 r-xp 00000000 00:00 0                          [vdso]
ffffffffff600000-ffffffffff601000 r-xp 00000000 00:00 0                  [vsyscall]


VM Arguments:
jvm_args: -Dfile.encoding=UTF-8 -Duser.country=IT -Duser.language=it -Duser.variant 
java_command: worker.org.gradle.process.internal.worker.GradleWorkerMain 'Gradle SpotBugs Worker 2'
java_class_path (initial): /home/alessandra/.gradle/caches/4.8.1/workerMain/gradle-worker.jar:/home/alessandra/.gradle/caches/modules-2/files-2.1/com.github.spotbugs/spotbugs/3.1.7/79890e05bba82b8552d09ea59a7e5182639cf09b/spotbugs-3.1.7.jar:/home/alessandra/.gradle/caches/modules-2/files-2.1/org.ow2.asm/asm-commons/6.2/f0df1c69e34a0463679d7c8db36ddb4312836e76/asm-commons-6.2.jar:/home/alessandra/.gradle/caches/modules-2/files-2.1/org.ow2.asm/asm-xml/6.2/11cbb555182f8998eb6d7dfef17a22070e627846/asm-xml-6.2.jar:/home/alessandra/.gradle/caches/modules-2/files-2.1/org.ow2.asm/asm-util/6.2/a9690730f92cc79eeadc20e400ebb41eccce10b1/asm-util-6.2.jar:/home/alessandra/.gradle/caches/modules-2/files-2.1/org.ow2.asm/asm-analysis/6.2/c7d9a90d221cbb977848d2c777eb3aa7637e89df/asm-analysis-6.2.jar:/home/alessandra/.gradle/caches/modules-2/files-2.1/org.ow2.asm/asm-tree/6.2/61570e046111559f38d4e0e580c005f75988c0a6/asm-tree-6.2.jar:/home/alessandra/.gradle/caches/modules-2/files-2.1/org.ow2.asm/asm/6.2/1b6c4ff09ce03f3052429139c2a68e295cae6604/asm-6.2.jar:/home/alessandra/.gradle/caches/modules-2/files-2.1/org.apache.bcel/bcel/6.2/2c1499b28bf2638cbdb5fa94350d41a46d2bd4e0/bcel-6.2.jar:/home/alessandra/.gradle/caches/modules-2/files-2.1/net.jcip/jcip-annotations/1.0/afba4942caaeaf46aab0b976afd57cc7c181467e/jcip-annotations-1.0.jar:/home/alessandra/.gradle/caches/modules-2/files-2.1/org.dom4j/dom4j/2.1.0/6ad46940de4d721df3d6bbcd2977149742095445/dom4j-2.1.0.jar:/home/alessandra/.gradle/caches/modules-2/files-2.1/jaxen/jaxen/1.1.6/3f8c36d9a0578e8e98f030c662b69888b1430ac0/jaxen-1.1.6.jar:/home/alessandra/.gradle/caches/modules-2/files-2.1/commons-lang/commons-lang/2.6/ce1edb914c94ebc388f086c6827e8bdeec71ac2/commons-lang-2.6.jar:/home/alessandra/.gradle/caches/modules-2/files-2.1/com.github.spotbugs/spotbugs-annotations/3.1.7/2b34b2168e4d8866ad6aba0e86a8c1fed94db295/spotbugs-annotations-3.1.7.jar:/home/alessandra/.gradle/caches/modules-2/files-2.1/com.google.code.findbugs/jsr305/3.0.2/25ea
Launcher Type: SUN_STANDARD

Logging:
Log output configuration:
#0: stdout all=warning uptime,level,tags
#1: stderr all=off uptime,level,tags

Environment Variables:
PATH=/usr/local/sbin:/usr/local/bin:/usr/sbin:/usr/bin:/sbin:/bin:/usr/games:/usr/local/games:/snap/bin
USERNAME=alessandra
SHELL=/bin/bash
DISPLAY=:0

Signal Handlers:
SIGSEGV: [libjvm.so+0xd28b70], sa_mask[0]=11111111011111111101111111111110, sa_flags=SA_RESTART|SA_SIGINFO
SIGBUS: [libjvm.so+0xd28b70], sa_mask[0]=11111111011111111101111111111110, sa_flags=SA_RESTART|SA_SIGINFO
SIGFPE: [libjvm.so+0xd28b70], sa_mask[0]=11111111011111111101111111111110, sa_flags=SA_RESTART|SA_SIGINFO
SIGPIPE: [libjvm.so+0xb2a1f0], sa_mask[0]=11111111011111111101111111111110, sa_flags=SA_RESTART|SA_SIGINFO
SIGXFSZ: [libjvm.so+0xb2a1f0], sa_mask[0]=11111111011111111101111111111110, sa_flags=SA_RESTART|SA_SIGINFO
SIGILL: [libjvm.so+0xd28b70], sa_mask[0]=11111111011111111101111111111110, sa_flags=SA_RESTART|SA_SIGINFO
SIGUSR2: [libjvm.so+0xb2a030], sa_mask[0]=00100000000000000000000000000000, sa_flags=SA_RESTART|SA_SIGINFO
SIGHUP: [libjvm.so+0xb2a180], sa_mask[0]=11111111011111111101111111111110, sa_flags=SA_RESTART|SA_SIGINFO
SIGINT: [libjvm.so+0xb2a180], sa_mask[0]=11111111011111111101111111111110, sa_flags=SA_RESTART|SA_SIGINFO
SIGTERM: [libjvm.so+0xb2a180], sa_mask[0]=11111111011111111101111111111110, sa_flags=SA_RESTART|SA_SIGINFO
SIGQUIT: [libjvm.so+0xb2a180], sa_mask[0]=11111111011111111101111111111110, sa_flags=SA_RESTART|SA_SIGINFO


---------------  S Y S T E M  ---------------

OS:DISTRIB_ID=Ubuntu
DISTRIB_RELEASE=18.04
DISTRIB_CODENAME=bionic
DISTRIB_DESCRIPTION="Ubuntu 18.04.1 LTS"
uname:Linux 4.15.0-20-generic #21-Ubuntu SMP Tue Apr 24 06:16:15 UTC 2018 x86_64
libc:glibc 2.27 NPTL 2.27 
rlimit: STACK 8192k, CORE 0k, NPROC 15027, NOFILE 4096, AS infinity, DATA infinity, FSIZE infinity
load average:17,62 10,45 7,57

/proc/meminfo:
MemTotal:        3953448 kB
MemFree:          119036 kB
MemAvailable:      52044 kB
Buffers:            1320 kB
Cached:           189660 kB
SwapCached:         3872 kB
Active:          2861880 kB
Inactive:         611824 kB
Active(anon):    2842532 kB
Inactive(anon):   585716 kB
Active(file):      19348 kB
Inactive(file):    26108 kB
Unevictable:         224 kB
Mlocked:             224 kB
SwapTotal:       2097148 kB
SwapFree:              0 kB
Dirty:               324 kB
Writeback:             0 kB
AnonPages:       3281964 kB
Mapped:            83672 kB
Shmem:            145172 kB
Slab:             172664 kB
SReclaimable:      65196 kB
SUnreclaim:       107468 kB
KernelStack:       16976 kB
PageTables:        79624 kB
NFS_Unstable:          0 kB
Bounce:                0 kB
WritebackTmp:          0 kB
CommitLimit:     4073872 kB
Committed_AS:   15165872 kB
VmallocTotal:   34359738367 kB
VmallocUsed:           0 kB
VmallocChunk:          0 kB
HardwareCorrupted:     0 kB
AnonHugePages:         0 kB
ShmemHugePages:        0 kB
ShmemPmdMapped:        0 kB
CmaTotal:              0 kB
CmaFree:               0 kB
HugePages_Total:       0
HugePages_Free:        0
HugePages_Rsvd:        0
HugePages_Surp:        0
Hugepagesize:       2048 kB
DirectMap4k:      391036 kB
DirectMap2M:     3717120 kB
DirectMap1G:     1048576 kB

container (cgroup) information:
container_type: cgroupv1
cpu_cpuset_cpus: 0-3
cpu_memory_nodes: 0
active_processor_count: 4
cpu_quota: -1
cpu_period: 100000
cpu_shares: -1
memory_limit_in_bytes: -1
memory_and_swap_limit_in_bytes: -2
memory_soft_limit_in_bytes: -1
memory_usage_in_bytes: 3655892992
memory_max_usage_in_bytes: 3711401984


CPU:total 4 (initial active 4) (2 cores per cpu, 2 threads per core) family 6 model 61 stepping 4, cmov, cx8, fxsr, mmx, sse, sse2, sse3, ssse3, sse4.1, sse4.2, popcnt, avx, avx2, aes, clmul, erms, 3dnowpref, lzcnt, ht, tsc, tscinvbit, bmi1, bmi2, adx, fma
CPU Model and flags from /proc/cpuinfo:
model name	: Intel(R) Core(TM) i5-5200U CPU @ 2.20GHz
flags		: fpu vme de pse tsc msr pae mce cx8 apic sep mtrr pge mca cmov pat pse36 clflush dts acpi mmx fxsr sse sse2 ss ht tm pbe syscall nx pdpe1gb rdtscp lm constant_tsc arch_perfmon pebs bts rep_good nopl xtopology nonstop_tsc cpuid aperfmperf pni pclmulqdq dtes64 monitor ds_cpl vmx est tm2 ssse3 sdbg fma cx16 xtpr pdcm pcid sse4_1 sse4_2 x2apic movbe popcnt tsc_deadline_timer aes xsave avx f16c rdrand lahf_lm abm 3dnowprefetch cpuid_fault epb invpcid_single pti tpr_shadow vnmi flexpriority ept vpid fsgsbase tsc_adjust bmi1 avx2 smep bmi2 erms invpcid rdseed adx smap intel_pt xsaveopt ibpb ibrs stibp dtherm ida arat pln pts

Memory: 4k page, physical 3953448k(108716k free), swap 2097148k(0k free)

vm_info: OpenJDK 64-Bit Server VM (10.0.2+13-Ubuntu-1ubuntu0.18.04.4) for linux-amd64 JRE (10.0.2+13-Ubuntu-1ubuntu0.18.04.4), built on Nov 13 2018 12:53:39 by "buildd" with gcc 7.3.0

END.
