#
# There is insufficient memory for the Java Runtime Environment to continue.
# Native memory allocation (mmap) failed to map 202375168 bytes for committing reserved memory.
# Possible reasons:
#   The system is out of physical RAM or swap space
#   The process is running with CompressedOops enabled, and the Java Heap may be blocking the growth of the native heap
# Possible solutions:
#   Reduce memory load on the system
#   Increase physical memory or swap space
#   Check if swap backing store is full
#   Decrease Java heap size (-Xmx/-Xms)
#   Decrease number of Java threads
#   Decrease Java thread stack sizes (-Xss)
#   Set larger code cache with -XX:ReservedCodeCacheSize=
#   JVM is running with Unscaled Compressed Oops mode in which the Java heap is
#     placed in the first 4GB address space. The Java Heap base address is the
#     maximum limit for the native heap growth. Please use -XX:HeapBaseMinAddress
#     to set the Java Heap base and to place the Java Heap above 4GB virtual address.
# This output file may be truncated or incomplete.
#
#  Out of Memory Error (os_linux.cpp:2706), pid=30781, tid=30800
#
# JRE version: OpenJDK Runtime Environment (10.0.2+13) (build 10.0.2+13-Ubuntu-1ubuntu0.18.04.4)
# Java VM: OpenJDK 64-Bit Server VM (10.0.2+13-Ubuntu-1ubuntu0.18.04.4, mixed mode, tiered, compressed oops, g1 gc, linux-amd64)
# Core dump will be written. Default location: Core dumps may be processed with "/usr/share/apport/apport %p %s %c %d %P" (or dumping to /home/alessandra/Documenti/LINGI2401/teammates/core.30781)
#

---------------  S U M M A R Y ------------

Command Line: -Dfile.encoding=UTF-8 -Duser.country=IT -Duser.language=it -Duser.variant worker.org.gradle.process.internal.worker.GradleWorkerMain 'Gradle SpotBugs Worker 1'

Host: Intel(R) Core(TM) i5-5200U CPU @ 2.20GHz, 4 cores, 3G, Ubuntu 18.04.1 LTS
Time: Fri Dec  7 20:49:47 2018 CET elapsed time: 258 seconds (0d 0h 4m 18s)

---------------  T H R E A D  ---------------

Current thread (0x00007f94c00e0800):  VMThread "VM Thread" [stack: 0x00007f948cf7e000,0x00007f948d07e000] [id=30800]

Stack: [0x00007f948cf7e000,0x00007f948d07e000],  sp=0x00007f948d07c0a0,  free space=1016k
Native frames: (J=compiled Java code, A=aot compiled Java code, j=interpreted, Vv=VM code, C=native code)
V  [libjvm.so+0xd27ea4]
V  [libjvm.so+0xd28a4b]
V  [libjvm.so+0x64d415]
V  [libjvm.so+0xb2d7c8]
V  [libjvm.so+0xb2601d]
V  [libjvm.so+0x7662ff]
V  [libjvm.so+0x76653e]
V  [libjvm.so+0x769500]
V  [libjvm.so+0x7efa1c]
V  [libjvm.so+0x7f06df]
V  [libjvm.so+0x7f0b59]
V  [libjvm.so+0x7162cf]
V  [libjvm.so+0x71a3ba]
V  [libjvm.so+0xd3a008]
V  [libjvm.so+0xd38871]
V  [libjvm.so+0xd35b3b]
V  [libjvm.so+0xd3715e]
V  [libjvm.so+0xd37588]
V  [libjvm.so+0xb33d40]

VM_Operation (0x00007f945b0c5950): G1IncCollectionPause, mode: safepoint, requested by thread 0x00007f94c0bbf000


---------------  P R O C E S S  ---------------

Threads class SMR info:
_java_thread_list=0x00007f94c0bc0540, length=13, elements={
0x00007f94c0012800, 0x00007f94c00ea800, 0x00007f94c00ec800, 0x00007f94c00f5800,
0x00007f94c0100000, 0x00007f94c0102000, 0x00007f94c0104000, 0x00007f94c0106000,
0x00007f94c016a800, 0x00007f94c0183800, 0x00007f94c0bbf000, 0x00007f94c0bc8000,
0x00007f94c0be2000
}

Java Threads: ( => current thread )
  0x00007f94c0012800 JavaThread "main" [_thread_blocked, id=30788, stack(0x00007f94c72fc000,0x00007f94c73fd000)]
  0x00007f94c00ea800 JavaThread "Reference Handler" daemon [_thread_blocked, id=30801, stack(0x00007f948ce7b000,0x00007f948cf7c000)]
  0x00007f94c00ec800 JavaThread "Finalizer" daemon [_thread_blocked, id=30802, stack(0x00007f948cd7a000,0x00007f948ce7b000)]
  0x00007f94c00f5800 JavaThread "Signal Dispatcher" daemon [_thread_blocked, id=30803, stack(0x00007f948c2aa000,0x00007f948c3ab000)]
  0x00007f94c0100000 JavaThread "C2 CompilerThread0" daemon [_thread_blocked, id=30804, stack(0x00007f948c1a9000,0x00007f948c2aa000)]
  0x00007f94c0102000 JavaThread "C2 CompilerThread1" daemon [_thread_blocked, id=30805, stack(0x00007f948c0a8000,0x00007f948c1a9000)]
  0x00007f94c0104000 JavaThread "C1 CompilerThread2" daemon [_thread_blocked, id=30806, stack(0x00007f945beff000,0x00007f945c000000)]
  0x00007f94c0106000 JavaThread "Sweeper thread" daemon [_thread_blocked, id=30807, stack(0x00007f945bdfe000,0x00007f945beff000)]
  0x00007f94c016a800 JavaThread "Service Thread" daemon [_thread_blocked, id=30808, stack(0x00007f945bcfd000,0x00007f945bdfe000)]
  0x00007f94c0183800 JavaThread "Common-Cleaner" daemon [_thread_blocked, id=30810, stack(0x00007f945bafa000,0x00007f945bbfb000)]
  0x00007f94c0bbf000 JavaThread "/0:0:0:0:0:0:0:1:46610 to /0:0:0:0:0:0:0:1:35375 workers" [_thread_blocked, id=30815, stack(0x00007f945afc8000,0x00007f945b0c9000)]
  0x00007f94c0bc8000 JavaThread "/0:0:0:0:0:0:0:1:46610 to /0:0:0:0:0:0:0:1:35375 workers Thread 2" [_thread_blocked, id=30816, stack(0x00007f945acc7000,0x00007f945adc8000)]
  0x00007f94c0be2000 JavaThread "/0:0:0:0:0:0:0:1:46610 to /0:0:0:0:0:0:0:1:35375 workers Thread 3" [_thread_in_native, id=30817, stack(0x00007f945abc6000,0x00007f945acc7000)]

Other Threads:
=>0x00007f94c00e0800 VMThread "VM Thread" [stack: 0x00007f948cf7e000,0x00007f948d07e000] [id=30800]
  0x00007f94c016d000 WatcherThread [stack: 0x00007f945bbfd000,0x00007f945bcfd000] [id=30809]
  0x00007f94c0029000 GCTaskThread "GC Thread#0" [stack: 0x00007f94a6ef4000,0x00007f94a6ff4000] [id=30789]
  0x00007f94c002a800 GCTaskThread "GC Thread#1" [stack: 0x00007f94a6df2000,0x00007f94a6ef2000] [id=30790]
  0x00007f94c002c000 GCTaskThread "GC Thread#2" [stack: 0x00007f94a6cf0000,0x00007f94a6df0000] [id=30791]
  0x00007f94c002d800 GCTaskThread "GC Thread#3" [stack: 0x00007f94a6bee000,0x00007f94a6cee000] [id=30792]
  0x00007f94c0044800 ConcurrentGCThread "G1 Main Marker" [stack: 0x00007f94a430f000,0x00007f94a440f000] [id=30793]
  0x00007f94c0046800 ConcurrentGCThread "G1 Conc#0" [stack: 0x00007f94a420d000,0x00007f94a430d000] [id=30794]
  0x00007f94c007a000 ConcurrentGCThread "G1 Refine#0" [stack: 0x00007f948dcfe000,0x00007f948ddfe000] [id=30795]
  0x00007f94c007b800 ConcurrentGCThread "G1 Refine#1" [stack: 0x00007f948dbfc000,0x00007f948dcfc000] [id=30796]
  0x00007f94c007d000 ConcurrentGCThread "G1 Refine#2" [stack: 0x00007f948dafa000,0x00007f948dbfa000] [id=30797]
  0x00007f94c007f000 ConcurrentGCThread "G1 Refine#3" [stack: 0x00007f948d9f8000,0x00007f948daf8000] [id=30798]
  0x00007f94c0080800 ConcurrentGCThread "G1 Young RemSet Sampling" [stack: 0x00007f948d8f6000,0x00007f948d9f6000] [id=30799]

Threads with active compile tasks:
C2 CompilerThread04389       4       org.apache.bcel.classfile.Attribute::readAttribute (550 bytes)
C2 CompilerThread14390       4       edu.umd.cs.findbugs.detect.FunctionsThatMightBeMistakenForProcedures::sawOpcode (571 bytes)

VM state:at safepoint (normal execution)

VM Mutex/Monitor currently owned by a thread:  ([mutex/lock_event])
[0x00007f94c000ea60] Threads_lock - owner thread: 0x00007f94c00e0800
[0x00007f94c000f000] Heap_lock - owner thread: 0x00007f94c0bbf000

Heap address: 0x00000000c3a00000, size: 966 MB, Compressed Oops mode: 32-bit
Narrow klass base: 0x0000000000000000, Narrow klass shift: 3
Compressed class space size: 1073741824 Address: 0x0000000100000000

Heap:
 garbage-first heap   total 308224K, used 64677K [0x00000000c3a00000, 0x0000000100000000)
  region size 1024K, 1 young (1024K), 1 survivors (1024K)
 Metaspace       used 23263K, capacity 23661K, committed 23936K, reserved 1071104K
  class space    used 2457K, capacity 2623K, committed 2688K, reserved 1048576K
Heap Regions: E=young(eden), S=young(survivor), O=old, HS=humongous(starts), HC=humongous(continues), CS=collection set, F=free, A=archive, TS=gc time stamp, AC=allocation context, TAMS=top-at-mark-start (previous, next)
|   0|0x00000000c3a00000, 0x00000000c3b00000, 0x00000000c3b00000|100%| O|  |TS  0|AC  0|TAMS 0x00000000c3b00000, 0x00000000c3b00000|
|   1|0x00000000c3b00000, 0x00000000c3c00000, 0x00000000c3c00000|100%|HS|  |TS  0|AC  0|TAMS 0x00000000c3c00000, 0x00000000c3c00000|
|   2|0x00000000c3c00000, 0x00000000c3d00000, 0x00000000c3d00000|100%|HC|  |TS  0|AC  0|TAMS 0x00000000c3d00000, 0x00000000c3d00000|
|   3|0x00000000c3d00000, 0x00000000c3e00000, 0x00000000c3e00000|100%| O|  |TS  0|AC  0|TAMS 0x00000000c3e00000, 0x00000000c3e00000|
|   4|0x00000000c3e00000, 0x00000000c3f00000, 0x00000000c3f00000|100%| O|  |TS  0|AC  0|TAMS 0x00000000c3f00000, 0x00000000c3f00000|
|   5|0x00000000c3f00000, 0x00000000c4000000, 0x00000000c4000000|100%| O|  |TS  0|AC  0|TAMS 0x00000000c4000000, 0x00000000c4000000|
|   6|0x00000000c4000000, 0x00000000c4100000, 0x00000000c4100000|100%| O|  |TS  0|AC  0|TAMS 0x00000000c4100000, 0x00000000c4100000|
|   7|0x00000000c4100000, 0x00000000c4200000, 0x00000000c4200000|100%| O|  |TS  0|AC  0|TAMS 0x00000000c4200000, 0x00000000c4200000|
|   8|0x00000000c4200000, 0x00000000c4300000, 0x00000000c4300000|100%| O|  |TS  0|AC  0|TAMS 0x00000000c4300000, 0x00000000c4300000|
|   9|0x00000000c4300000, 0x00000000c4400000, 0x00000000c4400000|100%| O|  |TS  0|AC  0|TAMS 0x00000000c4400000, 0x00000000c4400000|
|  10|0x00000000c4400000, 0x00000000c4500000, 0x00000000c4500000|100%| O|  |TS  0|AC  0|TAMS 0x00000000c4500000, 0x00000000c4500000|
|  11|0x00000000c4500000, 0x00000000c4600000, 0x00000000c4600000|100%| O|  |TS  0|AC  0|TAMS 0x00000000c4600000, 0x00000000c4600000|
|  12|0x00000000c4600000, 0x00000000c4700000, 0x00000000c4700000|100%| O|  |TS  0|AC  0|TAMS 0x00000000c4700000, 0x00000000c4700000|
|  13|0x00000000c4700000, 0x00000000c4800000, 0x00000000c4800000|100%| O|  |TS  0|AC  0|TAMS 0x00000000c4800000, 0x00000000c4800000|
|  14|0x00000000c4800000, 0x00000000c4900000, 0x00000000c4900000|100%| O|  |TS  0|AC  0|TAMS 0x00000000c4900000, 0x00000000c4900000|
|  15|0x00000000c4900000, 0x00000000c4a00000, 0x00000000c4a00000|100%|HS|  |TS  0|AC  0|TAMS 0x00000000c4a00000, 0x00000000c4a00000|
|  16|0x00000000c4a00000, 0x00000000c4b00000, 0x00000000c4b00000|100%|HC|  |TS  0|AC  0|TAMS 0x00000000c4b00000, 0x00000000c4b00000|
|  17|0x00000000c4b00000, 0x00000000c4c00000, 0x00000000c4c00000|100%| O|  |TS  0|AC  0|TAMS 0x00000000c4c00000, 0x00000000c4c00000|
|  18|0x00000000c4c00000, 0x00000000c4d00000, 0x00000000c4d00000|100%| O|  |TS  0|AC  0|TAMS 0x00000000c4d00000, 0x00000000c4d00000|
|  19|0x00000000c4d00000, 0x00000000c4e00000, 0x00000000c4e00000|100%| O|  |TS  0|AC  0|TAMS 0x00000000c4e00000, 0x00000000c4e00000|
|  20|0x00000000c4e00000, 0x00000000c4f00000, 0x00000000c4f00000|100%| O|  |TS  0|AC  0|TAMS 0x00000000c4f00000, 0x00000000c4f00000|
|  21|0x00000000c4f00000, 0x00000000c5000000, 0x00000000c5000000|100%| O|  |TS  0|AC  0|TAMS 0x00000000c5000000, 0x00000000c5000000|
|  22|0x00000000c5000000, 0x00000000c5100000, 0x00000000c5100000|100%| O|  |TS  0|AC  0|TAMS 0x00000000c5100000, 0x00000000c5100000|
|  23|0x00000000c5100000, 0x00000000c5200000, 0x00000000c5200000|100%| O|  |TS  0|AC  0|TAMS 0x00000000c5200000, 0x00000000c5200000|
|  24|0x00000000c5200000, 0x00000000c5300000, 0x00000000c5300000|100%| O|  |TS  0|AC  0|TAMS 0x00000000c5300000, 0x00000000c5300000|
|  25|0x00000000c5300000, 0x00000000c5400000, 0x00000000c5400000|100%| O|  |TS  0|AC  0|TAMS 0x00000000c5400000, 0x00000000c5400000|
|  26|0x00000000c5400000, 0x00000000c5500000, 0x00000000c5500000|100%| O|  |TS  0|AC  0|TAMS 0x00000000c5500000, 0x00000000c5500000|
|  27|0x00000000c5500000, 0x00000000c5600000, 0x00000000c5600000|100%| O|  |TS  0|AC  0|TAMS 0x00000000c5600000, 0x00000000c5600000|
|  28|0x00000000c5600000, 0x00000000c5700000, 0x00000000c5700000|100%| O|  |TS  0|AC  0|TAMS 0x00000000c5700000, 0x00000000c5700000|
|  29|0x00000000c5700000, 0x00000000c5800000, 0x00000000c5800000|100%| O|  |TS  0|AC  0|TAMS 0x00000000c5800000, 0x00000000c5800000|
|  30|0x00000000c5800000, 0x00000000c5900000, 0x00000000c5900000|100%| O|  |TS  0|AC  0|TAMS 0x00000000c5900000, 0x00000000c5900000|
|  31|0x00000000c5900000, 0x00000000c5a00000, 0x00000000c5a00000|100%| O|  |TS  0|AC  0|TAMS 0x00000000c5a00000, 0x00000000c5a00000|
|  32|0x00000000c5a00000, 0x00000000c5b00000, 0x00000000c5b00000|100%| O|  |TS  0|AC  0|TAMS 0x00000000c5b00000, 0x00000000c5b00000|
|  33|0x00000000c5b00000, 0x00000000c5c00000, 0x00000000c5c00000|100%| O|  |TS  0|AC  0|TAMS 0x00000000c5c00000, 0x00000000c5c00000|
|  34|0x00000000c5c00000, 0x00000000c5d00000, 0x00000000c5d00000|100%| O|  |TS  0|AC  0|TAMS 0x00000000c5d00000, 0x00000000c5d00000|
|  35|0x00000000c5d00000, 0x00000000c5e00000, 0x00000000c5e00000|100%| O|  |TS  0|AC  0|TAMS 0x00000000c5e00000, 0x00000000c5e00000|
|  36|0x00000000c5e00000, 0x00000000c5f00000, 0x00000000c5f00000|100%| O|  |TS  0|AC  0|TAMS 0x00000000c5f00000, 0x00000000c5f00000|
|  37|0x00000000c5f00000, 0x00000000c6000000, 0x00000000c6000000|100%| O|  |TS  0|AC  0|TAMS 0x00000000c6000000, 0x00000000c6000000|
|  38|0x00000000c6000000, 0x00000000c6100000, 0x00000000c6100000|100%| O|  |TS  0|AC  0|TAMS 0x00000000c6100000, 0x00000000c6100000|
|  39|0x00000000c6100000, 0x00000000c6200000, 0x00000000c6200000|100%| O|  |TS  0|AC  0|TAMS 0x00000000c6200000, 0x00000000c6200000|
|  40|0x00000000c6200000, 0x00000000c6300000, 0x00000000c6300000|100%| O|  |TS  0|AC  0|TAMS 0x00000000c6300000, 0x00000000c6300000|
|  41|0x00000000c6300000, 0x00000000c6400000, 0x00000000c6400000|100%| O|  |TS  0|AC  0|TAMS 0x00000000c6400000, 0x00000000c6400000|
|  42|0x00000000c6400000, 0x00000000c6500000, 0x00000000c6500000|100%| O|  |TS  0|AC  0|TAMS 0x00000000c6500000, 0x00000000c6500000|
|  43|0x00000000c6500000, 0x00000000c6600000, 0x00000000c6600000|100%| O|  |TS  0|AC  0|TAMS 0x00000000c6600000, 0x00000000c6600000|
|  44|0x00000000c6600000, 0x00000000c6700000, 0x00000000c6700000|100%| O|  |TS  0|AC  0|TAMS 0x00000000c6700000, 0x00000000c6700000|
|  45|0x00000000c6700000, 0x00000000c6800000, 0x00000000c6800000|100%| O|  |TS  0|AC  0|TAMS 0x00000000c6800000, 0x00000000c6800000|
|  46|0x00000000c6800000, 0x00000000c6900000, 0x00000000c6900000|100%| O|  |TS  0|AC  0|TAMS 0x00000000c6900000, 0x00000000c6900000|
|  47|0x00000000c6900000, 0x00000000c6a00000, 0x00000000c6a00000|100%| O|  |TS  0|AC  0|TAMS 0x00000000c6a00000, 0x00000000c6a00000|
|  48|0x00000000c6a00000, 0x00000000c6b00000, 0x00000000c6b00000|100%| O|  |TS  0|AC  0|TAMS 0x00000000c6b00000, 0x00000000c6b00000|
|  49|0x00000000c6b00000, 0x00000000c6c00000, 0x00000000c6c00000|100%| O|  |TS  0|AC  0|TAMS 0x00000000c6c00000, 0x00000000c6c00000|
|  50|0x00000000c6c00000, 0x00000000c6d00000, 0x00000000c6d00000|100%| O|  |TS  0|AC  0|TAMS 0x00000000c6d00000, 0x00000000c6d00000|
|  51|0x00000000c6d00000, 0x00000000c6e00000, 0x00000000c6e00000|100%| O|  |TS  0|AC  0|TAMS 0x00000000c6e00000, 0x00000000c6e00000|
|  52|0x00000000c6e00000, 0x00000000c6f00000, 0x00000000c6f00000|100%| O|  |TS  0|AC  0|TAMS 0x00000000c6f00000, 0x00000000c6f00000|
|  53|0x00000000c6f00000, 0x00000000c7000000, 0x00000000c7000000|100%| O|  |TS  0|AC  0|TAMS 0x00000000c7000000, 0x00000000c7000000|
|  54|0x00000000c7000000, 0x00000000c7100000, 0x00000000c7100000|100%| O|  |TS  0|AC  0|TAMS 0x00000000c7100000, 0x00000000c7100000|
|  55|0x00000000c7100000, 0x00000000c7200000, 0x00000000c7200000|100%| O|  |TS  0|AC  0|TAMS 0x00000000c7200000, 0x00000000c7200000|
|  56|0x00000000c7200000, 0x00000000c7300000, 0x00000000c7300000|100%| O|  |TS  0|AC  0|TAMS 0x00000000c7300000, 0x00000000c7300000|
|  57|0x00000000c7300000, 0x00000000c7400000, 0x00000000c7400000|100%| O|  |TS  0|AC  0|TAMS 0x00000000c7400000, 0x00000000c7400000|
|  58|0x00000000c7400000, 0x00000000c7500000, 0x00000000c7500000|100%| O|  |TS  0|AC  0|TAMS 0x00000000c7500000, 0x00000000c7500000|
|  59|0x00000000c7500000, 0x00000000c7600000, 0x00000000c7600000|100%| O|  |TS  0|AC  0|TAMS 0x00000000c7600000, 0x00000000c7600000|
|  60|0x00000000c7600000, 0x00000000c7700000, 0x00000000c7700000|100%| O|  |TS  0|AC  0|TAMS 0x00000000c7700000, 0x00000000c7700000|
|  61|0x00000000c7700000, 0x00000000c7800000, 0x00000000c7800000|100%| O|  |TS  2|AC  0|TAMS 0x00000000c77d8e00, 0x00000000c77d8e00|
|  62|0x00000000c7800000, 0x00000000c784c000, 0x00000000c7900000| 29%| O|  |TS  2|AC  0|TAMS 0x00000000c7800000, 0x00000000c7800000|
|  63|0x00000000c7900000, 0x00000000c7900000, 0x00000000c7a00000|  0%| F|  |TS  0|AC  0|TAMS 0x00000000c7900000, 0x00000000c7900000|
|  64|0x00000000c7a00000, 0x00000000c7a00000, 0x00000000c7b00000|  0%| F|  |TS  0|AC  0|TAMS 0x00000000c7a00000, 0x00000000c7a00000|
|  65|0x00000000c7b00000, 0x00000000c7b00000, 0x00000000c7c00000|  0%| F|  |TS  0|AC  0|TAMS 0x00000000c7b00000, 0x00000000c7b00000|
|  66|0x00000000c7c00000, 0x00000000c7c00000, 0x00000000c7d00000|  0%| F|  |TS  0|AC  0|TAMS 0x00000000c7c00000, 0x00000000c7c00000|
|  67|0x00000000c7d00000, 0x00000000c7d00000, 0x00000000c7e00000|  0%| F|  |TS  0|AC  0|TAMS 0x00000000c7d00000, 0x00000000c7d00000|
|  68|0x00000000c7e00000, 0x00000000c7e00000, 0x00000000c7f00000|  0%| F|  |TS  0|AC  0|TAMS 0x00000000c7e00000, 0x00000000c7e00000|
|  69|0x00000000c7f00000, 0x00000000c7f00000, 0x00000000c8000000|  0%| F|  |TS  0|AC  0|TAMS 0x00000000c7f00000, 0x00000000c7f00000|
|  70|0x00000000c8000000, 0x00000000c8000000, 0x00000000c8100000|  0%| F|  |TS  0|AC  0|TAMS 0x00000000c8000000, 0x00000000c8000000|
|  71|0x00000000c8100000, 0x00000000c8100000, 0x00000000c8200000|  0%| F|  |TS  0|AC  0|TAMS 0x00000000c8100000, 0x00000000c8100000|
|  72|0x00000000c8200000, 0x00000000c8200000, 0x00000000c8300000|  0%| F|  |TS  0|AC  0|TAMS 0x00000000c8200000, 0x00000000c8200000|
|  73|0x00000000c8300000, 0x00000000c8300000, 0x00000000c8400000|  0%| F|  |TS  0|AC  0|TAMS 0x00000000c8300000, 0x00000000c8300000|
|  74|0x00000000c8400000, 0x00000000c8400000, 0x00000000c8500000|  0%| F|  |TS  0|AC  0|TAMS 0x00000000c8400000, 0x00000000c8400000|
|  75|0x00000000c8500000, 0x00000000c8500000, 0x00000000c8600000|  0%| F|  |TS  0|AC  0|TAMS 0x00000000c8500000, 0x00000000c8500000|
|  76|0x00000000c8600000, 0x00000000c8600000, 0x00000000c8700000|  0%| F|  |TS  0|AC  0|TAMS 0x00000000c8600000, 0x00000000c8600000|
|  77|0x00000000c8700000, 0x00000000c8700000, 0x00000000c8800000|  0%| F|  |TS  0|AC  0|TAMS 0x00000000c8700000, 0x00000000c8700000|
|  78|0x00000000c8800000, 0x00000000c8800000, 0x00000000c8900000|  0%| F|  |TS  0|AC  0|TAMS 0x00000000c8800000, 0x00000000c8800000|
|  79|0x00000000c8900000, 0x00000000c8900000, 0x00000000c8a00000|  0%| F|  |TS  0|AC  0|TAMS 0x00000000c8900000, 0x00000000c8900000|
|  80|0x00000000c8a00000, 0x00000000c8a00000, 0x00000000c8b00000|  0%| F|  |TS  0|AC  0|TAMS 0x00000000c8a00000, 0x00000000c8a00000|
|  81|0x00000000c8b00000, 0x00000000c8b00000, 0x00000000c8c00000|  0%| F|  |TS  0|AC  0|TAMS 0x00000000c8b00000, 0x00000000c8b00000|
|  82|0x00000000c8c00000, 0x00000000c8c00000, 0x00000000c8d00000|  0%| F|  |TS  0|AC  0|TAMS 0x00000000c8c00000, 0x00000000c8c00000|
|  83|0x00000000c8d00000, 0x00000000c8d00000, 0x00000000c8e00000|  0%| F|  |TS  0|AC  0|TAMS 0x00000000c8d00000, 0x00000000c8d00000|
|  84|0x00000000c8e00000, 0x00000000c8e00000, 0x00000000c8f00000|  0%| F|  |TS  0|AC  0|TAMS 0x00000000c8e00000, 0x00000000c8e00000|
|  85|0x00000000c8f00000, 0x00000000c8f00000, 0x00000000c9000000|  0%| F|  |TS  0|AC  0|TAMS 0x00000000c8f00000, 0x00000000c8f00000|
|  86|0x00000000c9000000, 0x00000000c9000000, 0x00000000c9100000|  0%| F|  |TS  0|AC  0|TAMS 0x00000000c9000000, 0x00000000c9000000|
|  87|0x00000000c9100000, 0x00000000c9100000, 0x00000000c9200000|  0%| F|  |TS  0|AC  0|TAMS 0x00000000c9100000, 0x00000000c9100000|
|  88|0x00000000c9200000, 0x00000000c9200000, 0x00000000c9300000|  0%| F|  |TS  0|AC  0|TAMS 0x00000000c9200000, 0x00000000c9200000|
|  89|0x00000000c9300000, 0x00000000c9300000, 0x00000000c9400000|  0%| F|  |TS  0|AC  0|TAMS 0x00000000c9300000, 0x00000000c9300000|
|  90|0x00000000c9400000, 0x00000000c9400000, 0x00000000c9500000|  0%| F|  |TS  0|AC  0|TAMS 0x00000000c9400000, 0x00000000c9400000|
|  91|0x00000000c9500000, 0x00000000c9500000, 0x00000000c9600000|  0%| F|  |TS  0|AC  0|TAMS 0x00000000c9500000, 0x00000000c9500000|
|  92|0x00000000c9600000, 0x00000000c9600000, 0x00000000c9700000|  0%| F|  |TS  0|AC  0|TAMS 0x00000000c9600000, 0x00000000c9600000|
|  93|0x00000000c9700000, 0x00000000c9700000, 0x00000000c9800000|  0%| F|  |TS  0|AC  0|TAMS 0x00000000c9700000, 0x00000000c9700000|
|  94|0x00000000c9800000, 0x00000000c9800000, 0x00000000c9900000|  0%| F|  |TS  0|AC  0|TAMS 0x00000000c9800000, 0x00000000c9800000|
|  95|0x00000000c9900000, 0x00000000c9900000, 0x00000000c9a00000|  0%| F|  |TS  0|AC  0|TAMS 0x00000000c9900000, 0x00000000c9900000|
|  96|0x00000000c9a00000, 0x00000000c9a00000, 0x00000000c9b00000|  0%| F|  |TS  0|AC  0|TAMS 0x00000000c9a00000, 0x00000000c9a00000|
|  97|0x00000000c9b00000, 0x00000000c9b00000, 0x00000000c9c00000|  0%| F|  |TS  0|AC  0|TAMS 0x00000000c9b00000, 0x00000000c9b00000|
|  98|0x00000000c9c00000, 0x00000000c9c00000, 0x00000000c9d00000|  0%| F|  |TS  0|AC  0|TAMS 0x00000000c9c00000, 0x00000000c9c00000|
|  99|0x00000000c9d00000, 0x00000000c9d00000, 0x00000000c9e00000|  0%| F|  |TS  0|AC  0|TAMS 0x00000000c9d00000, 0x00000000c9d00000|
| 100|0x00000000c9e00000, 0x00000000c9e00000, 0x00000000c9f00000|  0%| F|  |TS  0|AC  0|TAMS 0x00000000c9e00000, 0x00000000c9e00000|
| 101|0x00000000c9f00000, 0x00000000c9f00000, 0x00000000ca000000|  0%| F|  |TS  0|AC  0|TAMS 0x00000000c9f00000, 0x00000000c9f00000|
| 102|0x00000000ca000000, 0x00000000ca000000, 0x00000000ca100000|  0%| F|  |TS  2|AC  0|TAMS 0x00000000ca000000, 0x00000000ca000000|
| 103|0x00000000ca100000, 0x00000000ca1dd748, 0x00000000ca200000| 86%| S|CS|TS  2|AC  0|TAMS 0x00000000ca100000, 0x00000000ca100000|
| 104|0x00000000ca200000, 0x00000000ca200000, 0x00000000ca300000|  0%| F|  |TS  2|AC  0|TAMS 0x00000000ca200000, 0x00000000ca200000|
| 105|0x00000000ca300000, 0x00000000ca300000, 0x00000000ca400000|  0%| F|  |TS  2|AC  0|TAMS 0x00000000ca300000, 0x00000000ca300000|
| 106|0x00000000ca400000, 0x00000000ca400000, 0x00000000ca500000|  0%| F|  |TS  2|AC  0|TAMS 0x00000000ca400000, 0x00000000ca400000|
| 107|0x00000000ca500000, 0x00000000ca500000, 0x00000000ca600000|  0%| F|  |TS  2|AC  0|TAMS 0x00000000ca500000, 0x00000000ca500000|

Card table byte_map: [0x00007f94a6422000,0x00007f94a6605000] byte_map_base: 0x00007f94a5e05000

Marking Bits (Prev, Next): (CMBitMap*) 0x00007f94c0043db0, (CMBitMap*) 0x00007f94c0043de8
 Prev Bits: [0x00007f94a5327000, 0x00007f94a623f000)
 Next Bits: [0x00007f94a440f000, 0x00007f94a5327000)

Polling page: 0x00007f94c7415000

CodeHeap 'non-profiled nmethods': size=120032Kb used=3842Kb max_used=6052Kb free=116189Kb
 bounds [0x00007f94aeba7000, 0x00007f94af1b7000, 0x00007f94b60df000]
CodeHeap 'profiled nmethods': size=120032Kb used=6346Kb max_used=11839Kb free=113685Kb
 bounds [0x00007f94a766f000, 0x00007f94a820f000, 0x00007f94aeba7000]
CodeHeap 'non-nmethods': size=5696Kb used=1113Kb max_used=1225Kb free=4582Kb
 bounds [0x00007f94a70df000, 0x00007f94a734f000, 0x00007f94a766f000]
 total_blobs=6600 nmethods=3351 adapters=352
 compilation: enabled

Compilation events (10 events):
Event: 246,837 Thread 0x00007f94c0104000 4386       1       edu.umd.cs.findbugs.detect.FindBugsSummaryStats::visit (11 bytes)
Event: 246,866 Thread 0x00007f94c0104000 nmethod 4386 0x00007f94aebe2c10 code [0x00007f94aebe2dc0, 0x00007f94aebe2ed0]
Event: 247,735 Thread 0x00007f94c0104000 4388       3       org.apache.bcel.classfile.ExceptionTable::<init> (58 bytes)
Event: 247,737 Thread 0x00007f94c0100000 4389       4       org.apache.bcel.classfile.Attribute::readAttribute (550 bytes)
Event: 247,836 Thread 0x00007f94c0104000 nmethod 4388 0x00007f94a768f310 code [0x00007f94a768f520, 0x00007f94a768fcb8]
Event: 247,836 Thread 0x00007f94c0104000 4387       3       org.apache.bcel.classfile.ExceptionTable::<init> (25 bytes)
Event: 247,836 Thread 0x00007f94c0104000 nmethod 4387 0x00007f94a767c290 code [0x00007f94a767c460, 0x00007f94a767c830]
Event: 249,061 Thread 0x00007f94c0102000 4390       4       edu.umd.cs.findbugs.detect.FunctionsThatMightBeMistakenForProcedures::sawOpcode (571 bytes)
Event: 249,062 Thread 0x00007f94c0104000 4391       3       edu.umd.cs.findbugs.OpcodeStack$Item::isNull (15 bytes)
Event: 249,062 Thread 0x00007f94c0104000 nmethod 4391 0x00007f94a7674e10 code [0x00007f94a7674fc0, 0x00007f94a7675170]

GC Heap History (10 events):
Event: 189,976 GC heap after
{Heap after GC invocations=52 (full 0):
 garbage-first heap   total 110592K, used 61664K [0x00000000c3a00000, 0x0000000100000000)
  region size 1024K, 1 young (1024K), 1 survivors (1024K)
 Metaspace       used 23239K, capacity 23597K, committed 23936K, reserved 1071104K
  class space    used 2455K, capacity 2623K, committed 2688K, reserved 1048576K
}
Event: 191,352 GC heap before
{Heap before GC invocations=52 (full 0):
 garbage-first heap   total 110592K, used 65760K [0x00000000c3a00000, 0x0000000100000000)
  region size 1024K, 5 young (5120K), 1 survivors (1024K)
 Metaspace       used 23240K, capacity 23597K, committed 23936K, reserved 1071104K
  class space    used 2455K, capacity 2623K, committed 2688K, reserved 1048576K
}
Event: 191,355 GC heap after
{Heap after GC invocations=53 (full 0):
 garbage-first heap   total 110592K, used 62043K [0x00000000c3a00000, 0x0000000100000000)
  region size 1024K, 1 young (1024K), 1 survivors (1024K)
 Metaspace       used 23240K, capacity 23597K, committed 23936K, reserved 1071104K
  class space    used 2455K, capacity 2623K, committed 2688K, reserved 1048576K
}
Event: 216,469 GC heap before
{Heap before GC invocations=53 (full 0):
 garbage-first heap   total 110592K, used 78427K [0x00000000c3a00000, 0x0000000100000000)
  region size 1024K, 17 young (17408K), 1 survivors (1024K)
 Metaspace       used 23254K, capacity 23661K, committed 23936K, reserved 1071104K
  class space    used 2456K, capacity 2623K, committed 2688K, reserved 1048576K
}
Event: 220,412 GC heap after
{Heap after GC invocations=54 (full 0):
 garbage-first heap   total 110592K, used 63410K [0x00000000c3a00000, 0x0000000100000000)
  region size 1024K, 3 young (3072K), 3 survivors (3072K)
 Metaspace       used 23254K, capacity 23661K, committed 23936K, reserved 1071104K
  class space    used 2456K, capacity 2623K, committed 2688K, reserved 1048576K
}
Event: 228,046 GC heap before
{Heap before GC invocations=54 (full 0):
 garbage-first heap   total 110592K, used 65458K [0x00000000c3a00000, 0x0000000100000000)
  region size 1024K, 5 young (5120K), 3 survivors (3072K)
 Metaspace       used 23254K, capacity 23661K, committed 23936K, reserved 1071104K
  class space    used 2456K, capacity 2623K, committed 2688K, reserved 1048576K
}
Event: 231,703 GC heap after
{Heap after GC invocations=55 (full 0):
 garbage-first heap   total 110592K, used 63914K [0x00000000c3a00000, 0x0000000100000000)
  region size 1024K, 1 young (1024K), 1 survivors (1024K)
 Metaspace       used 23254K, capacity 23661K, committed 23936K, reserved 1071104K
  class space    used 2456K, capacity 2623K, committed 2688K, reserved 1048576K
}
Event: 244,117 GC heap before
{Heap before GC invocations=56 (full 0):
 garbage-first heap   total 110592K, used 68010K [0x00000000c3a00000, 0x0000000100000000)
  region size 1024K, 5 young (5120K), 1 survivors (1024K)
 Metaspace       used 23262K, capacity 23661K, committed 23936K, reserved 1071104K
  class space    used 2457K, capacity 2623K, committed 2688K, reserved 1048576K
}
Event: 245,965 GC heap after
{Heap after GC invocations=57 (full 0):
 garbage-first heap   total 110592K, used 64240K [0x00000000c3a00000, 0x0000000100000000)
  region size 1024K, 1 young (1024K), 1 survivors (1024K)
 Metaspace       used 23262K, capacity 23661K, committed 23936K, reserved 1071104K
  class space    used 2457K, capacity 2623K, committed 2688K, reserved 1048576K
}
Event: 251,125 GC heap before
{Heap before GC invocations=57 (full 0):
 garbage-first heap   total 110592K, used 68336K [0x00000000c3a00000, 0x0000000100000000)
  region size 1024K, 5 young (5120K), 1 survivors (1024K)
 Metaspace       used 23263K, capacity 23661K, committed 23936K, reserved 1071104K
  class space    used 2457K, capacity 2623K, committed 2688K, reserved 1048576K
}

Deoptimization events (10 events):
Event: 192,192 Thread 0x00007f94c0bbf000 Uncommon trap: reason=unloaded action=reinterpret pc=0x00007f94af0cc788 method=org.apache.bcel.classfile.Attribute.readAttribute(Ljava/io/DataInput;Lorg/apache/bcel/classfile/ConstantPool;)Lorg/apache/bcel/classfile/Attribute; @ 419 c2
Event: 205,369 Thread 0x00007f94c0bbf000 Uncommon trap: reason=unstable_if action=reinterpret pc=0x00007f94af06d6a4 method=edu.umd.cs.findbugs.detect.FindNoSideEffectMethods.changedArg(Ledu/umd/cs/findbugs/classfile/MethodDescriptor;)I @ 71 c2
Event: 214,513 Thread 0x00007f94c0bbf000 Uncommon trap: reason=class_check action=maybe_recompile pc=0x00007f94af17f22c method=edu.umd.cs.findbugs.detect.FunctionsThatMightBeMistakenForProcedures.sawOpcode(I)V @ 276 c2
Event: 236,281 Thread 0x00007f94c0bbf000 Uncommon trap: reason=unloaded action=reinterpret pc=0x00007f94aef4cad0 method=edu.umd.cs.findbugs.detect.FieldItemSummary.sawOpcode(I)V @ 163 c2
Event: 240,110 Thread 0x00007f94c0bbf000 Uncommon trap: reason=class_check action=maybe_recompile pc=0x00007f94af109618 method=edu.umd.cs.findbugs.ba.jsr305.TypeQualifierApplications.getDirectAnnotation(Ledu/umd/cs/findbugs/classfile/analysis/AnnotatedObject;)Ljava/util/Collection; @ 38 c2
Event: 247,470 Thread 0x00007f94c0bbf000 Uncommon trap: reason=class_check action=maybe_recompile pc=0x00007f94af17f22c method=edu.umd.cs.findbugs.detect.FunctionsThatMightBeMistakenForProcedures.sawOpcode(I)V @ 276 c2
Event: 247,732 Thread 0x00007f94c0bbf000 Uncommon trap: reason=class_check action=maybe_recompile pc=0x00007f94af17f22c method=edu.umd.cs.findbugs.detect.FunctionsThatMightBeMistakenForProcedures.sawOpcode(I)V @ 276 c2
Event: 249,061 Thread 0x00007f94c0bbf000 Uncommon trap: reason=class_check action=maybe_recompile pc=0x00007f94af17f22c method=edu.umd.cs.findbugs.detect.FunctionsThatMightBeMistakenForProcedures.sawOpcode(I)V @ 276 c2
Event: 250,600 Thread 0x00007f94c0bbf000 Uncommon trap: reason=class_check action=maybe_recompile pc=0x00007f94af109618 method=edu.umd.cs.findbugs.ba.jsr305.TypeQualifierApplications.getDirectAnnotation(Ledu/umd/cs/findbugs/classfile/analysis/AnnotatedObject;)Ljava/util/Collection; @ 38 c2
Event: 250,600 Thread 0x00007f94c0bbf000 Uncommon trap: reason=class_check action=maybe_recompile pc=0x00007f94af109618 method=edu.umd.cs.findbugs.ba.jsr305.TypeQualifierApplications.getDirectAnnotation(Ledu/umd/cs/findbugs/classfile/analysis/AnnotatedObject;)Ljava/util/Collection; @ 38 c2

Classes redefined (0 events):
No events

Internal exceptions (10 events):
Event: 126,632 Thread 0x00007f94c0bbf000 Implicit null exception at 0x00007f94aee5ffb8 to 0x00007f94aee619ce
Event: 128,072 Thread 0x00007f94c0bbf000 Exception <a 'java/lang/NoSuchMethodError'{0x00000000c796e320}: method resolution failed> (0x00000000c796e320) thrown at [/build/openjdk-lts-Ae5PRQ/openjdk-lts-10.0.2+13/src/hotspot/share/prims/methodHandles.cpp, line 1226]
Event: 128,072 Thread 0x00007f94c0bbf000 Exception <a 'java/lang/NoSuchMethodError'{0x00000000c7971a60}: java.lang.invoke.DirectMethodHandle$Holder.invokeStaticInit(Ljava/lang/Object;Ljava/lang/Object;Ljava/lang/Object;Ljava/lang/Object;)I> (0x00000000c7971a60) thrown at [/build/openjdk-lts-Ae5P
Event: 128,073 Thread 0x00007f94c0bbf000 Exception <a 'java/lang/IncompatibleClassChangeError'{0x00000000c797a950}: Found class java.lang.Object, but interface was expected> (0x00000000c797a950) thrown at [/build/openjdk-lts-Ae5PRQ/openjdk-lts-10.0.2+13/src/hotspot/share/interpreter/linkResolver
Event: 128,074 Thread 0x00007f94c0bbf000 Exception <a 'java/lang/NoSuchMethodError'{0x00000000c797da10}: java.lang.invoke.DirectMethodHandle$Holder.invokeStaticInit(Ljava/lang/Object;Ljava/lang/Object;)V> (0x00000000c797da10) thrown at [/build/openjdk-lts-Ae5PRQ/openjdk-lts-10.0.2+13/src/hotspot
Event: 128,075 Thread 0x00007f94c0bbf000 Exception <a 'java/lang/NoSuchMethodError'{0x00000000c7982f30}: java.lang.invoke.DirectMethodHandle$Holder.invokeStaticInit(Ljava/lang/Object;Ljava/lang/Object;)I> (0x00000000c7982f30) thrown at [/build/openjdk-lts-Ae5PRQ/openjdk-lts-10.0.2+13/src/hotspot
Event: 128,532 Thread 0x00007f94c0bbf000 Exception <a 'java/lang/ClassNotFoundException'{0x00000000c79bd3f0}: javax/smartcardio/CardPermission> (0x00000000c79bd3f0) thrown at [/build/openjdk-lts-Ae5PRQ/openjdk-lts-10.0.2+13/src/hotspot/share/classfile/systemDictionary.cpp, line 233]
Event: 128,868 Thread 0x00007f94c0bbf000 Exception <a 'java/io/FileNotFoundException'{0x00000000c79cae40}> (0x00000000c79cae40) thrown at [/build/openjdk-lts-Ae5PRQ/openjdk-lts-10.0.2+13/src/hotspot/share/prims/jni.cpp, line 611]
Event: 163,552 Thread 0x00007f94c0bbf000 Implicit null exception at 0x00007f94aef5364c to 0x00007f94aef537f2
Event: 174,128 Thread 0x00007f94c0bbf000 Implicit null exception at 0x00007f94af10fdb8 to 0x00007f94af112ba6

Events (10 events):
Event: 249,061 Thread 0x00007f94c0bbf000 DEOPT UNPACKING pc=0x00007f94a7106fa5 sp=0x00007f945b0c5fc8 mode 2
Event: 250,600 Thread 0x00007f94c0bbf000 Uncommon trap: trap_request=0xffffffde fr.pc=0x00007f94af109618 relative=0x0000000000000bb8
Event: 250,600 Thread 0x00007f94c0bbf000 DEOPT PACKING pc=0x00007f94af109618 sp=0x00007f945b0c6010
Event: 250,600 Thread 0x00007f94c0bbf000 DEOPT UNPACKING pc=0x00007f94a7106fa5 sp=0x00007f945b0c5f68 mode 2
Event: 250,600 Thread 0x00007f94c0bbf000 Uncommon trap: trap_request=0xffffffde fr.pc=0x00007f94af109618 relative=0x0000000000000bb8
Event: 250,600 Thread 0x00007f94c0bbf000 DEOPT PACKING pc=0x00007f94af109618 sp=0x00007f945b0c6010
Event: 250,600 Thread 0x00007f94c0bbf000 DEOPT UNPACKING pc=0x00007f94a7106fa5 sp=0x00007f945b0c5f68 mode 2
Event: 250,601 Thread 0x00007f94c0bbf000 DEOPT PACKING pc=0x00007f94a78d34ed sp=0x00007f945b0c5ea0
Event: 250,601 Thread 0x00007f94c0bbf000 DEOPT UNPACKING pc=0x00007f94a7106dba sp=0x00007f945b0c5370 mode 0
Event: 250,623 Executing VM operation: G1IncCollectionPause


Dynamic libraries:
c3a00000-ca600000 rw-p 00000000 00:00 0 
d6700000-100000000 ---p 00000000 00:00 0 
100000000-1002a0000 rw-p 00000000 00:00 0 
1002a0000-140000000 ---p 00000000 00:00 0 
5635c26cd000-5635c26ce000 r-xp 00000000 08:04 2244300                    /usr/lib/jvm/java-11-openjdk-amd64/bin/java
5635c28ce000-5635c28cf000 r--p 00001000 08:04 2244300                    /usr/lib/jvm/java-11-openjdk-amd64/bin/java
5635c28cf000-5635c28d0000 rw-p 00002000 08:04 2244300                    /usr/lib/jvm/java-11-openjdk-amd64/bin/java
5635c4126000-5635c4147000 rw-p 00000000 00:00 0                          [heap]
7f9434000000-7f9434021000 rw-p 00000000 00:00 0 
7f9434021000-7f9438000000 ---p 00000000 00:00 0 
7f943c000000-7f943c873000 rw-p 00000000 00:00 0 
7f943c873000-7f9440000000 ---p 00000000 00:00 0 
7f9440000000-7f9440021000 rw-p 00000000 00:00 0 
7f9440021000-7f9444000000 ---p 00000000 00:00 0 
7f9444000000-7f9444021000 rw-p 00000000 00:00 0 
7f9444021000-7f9448000000 ---p 00000000 00:00 0 
7f9448000000-7f9448021000 rw-p 00000000 00:00 0 
7f9448021000-7f944c000000 ---p 00000000 00:00 0 
7f944c000000-7f944c021000 rw-p 00000000 00:00 0 
7f944c021000-7f9450000000 ---p 00000000 00:00 0 
7f9450000000-7f9450021000 rw-p 00000000 00:00 0 
7f9450021000-7f9454000000 ---p 00000000 00:00 0 
7f9454000000-7f9455013000 rw-p 00000000 00:00 0 
7f9455013000-7f9458000000 ---p 00000000 00:00 0 
7f9459dbb000-7f9459e7b000 rw-p 00000000 00:00 0 
7f9459e7b000-7f9459fbb000 ---p 00000000 00:00 0 
7f9459fbb000-7f945a1bb000 rw-p 00000000 00:00 0 
7f945a1bb000-7f945a3bb000 rw-p 00000000 00:00 0 
7f945a3bb000-7f945a3c0000 r-xp 00000000 08:04 3298098                    /usr/lib/jvm/java-11-openjdk-amd64/lib/libmanagement_ext.so
7f945a3c0000-7f945a5bf000 ---p 00005000 08:04 3298098                    /usr/lib/jvm/java-11-openjdk-amd64/lib/libmanagement_ext.so
7f945a5bf000-7f945a5c0000 r--p 00004000 08:04 3298098                    /usr/lib/jvm/java-11-openjdk-amd64/lib/libmanagement_ext.so
7f945a5c0000-7f945a5c1000 rw-p 00005000 08:04 3298098                    /usr/lib/jvm/java-11-openjdk-amd64/lib/libmanagement_ext.so
7f945a5c1000-7f945a5c5000 r-xp 00000000 08:04 3298096                    /usr/lib/jvm/java-11-openjdk-amd64/lib/libmanagement.so
7f945a5c5000-7f945a7c4000 ---p 00004000 08:04 3298096                    /usr/lib/jvm/java-11-openjdk-amd64/lib/libmanagement.so
7f945a7c4000-7f945a7c5000 r--p 00003000 08:04 3298096                    /usr/lib/jvm/java-11-openjdk-amd64/lib/libmanagement.so
7f945a7c5000-7f945a7c6000 rw-p 00004000 08:04 3298096                    /usr/lib/jvm/java-11-openjdk-amd64/lib/libmanagement.so
7f945a7c6000-7f945a9c6000 rw-p 00000000 00:00 0 
7f945a9c6000-7f945abc6000 rw-p 00000000 00:00 0 
7f945abc6000-7f945abca000 ---p 00000000 00:00 0 
7f945abca000-7f945acc7000 rw-p 00000000 00:00 0 
7f945acc7000-7f945accb000 ---p 00000000 00:00 0 
7f945accb000-7f945afc8000 rw-p 00000000 00:00 0 
7f945afc8000-7f945afcc000 ---p 00000000 00:00 0 
7f945afcc000-7f945b0c9000 rw-p 00000000 00:00 0 
7f945b0c9000-7f945b0ce000 r-xp 00000000 08:04 2652477                    /home/alessandra/.gradle/native/25/linux-amd64/libnative-platform.so
7f945b0ce000-7f945b2cd000 ---p 00005000 08:04 2652477                    /home/alessandra/.gradle/native/25/linux-amd64/libnative-platform.so
7f945b2cd000-7f945b2ce000 rw-p 00004000 08:04 2652477                    /home/alessandra/.gradle/native/25/linux-amd64/libnative-platform.so
7f945b2ce000-7f945b2cf000 r-xp 00000000 08:04 3298081                    /usr/lib/jvm/java-11-openjdk-amd64/lib/libextnet.so
7f945b2cf000-7f945b4ce000 ---p 00001000 08:04 3298081                    /usr/lib/jvm/java-11-openjdk-amd64/lib/libextnet.so
7f945b4ce000-7f945b4cf000 r--p 00000000 08:04 3298081                    /usr/lib/jvm/java-11-openjdk-amd64/lib/libextnet.so
7f945b4cf000-7f945b4d0000 rw-p 00001000 08:04 3298081                    /usr/lib/jvm/java-11-openjdk-amd64/lib/libextnet.so
7f945b4d0000-7f945b6d0000 rw-p 00000000 00:00 0 
7f945b6d0000-7f945b6e7000 r-xp 00000000 08:04 3298100                    /usr/lib/jvm/java-11-openjdk-amd64/lib/libnet.so
7f945b6e7000-7f945b8e6000 ---p 00017000 08:04 3298100                    /usr/lib/jvm/java-11-openjdk-amd64/lib/libnet.so
7f945b8e6000-7f945b8e7000 r--p 00016000 08:04 3298100                    /usr/lib/jvm/java-11-openjdk-amd64/lib/libnet.so
7f945b8e7000-7f945b8e8000 rw-p 00017000 08:04 3298100                    /usr/lib/jvm/java-11-openjdk-amd64/lib/libnet.so
7f945b8e8000-7f945b8f9000 r-xp 00000000 08:04 3298101                    /usr/lib/jvm/java-11-openjdk-amd64/lib/libnio.so
7f945b8f9000-7f945baf8000 ---p 00011000 08:04 3298101                    /usr/lib/jvm/java-11-openjdk-amd64/lib/libnio.so
7f945baf8000-7f945baf9000 r--p 00010000 08:04 3298101                    /usr/lib/jvm/java-11-openjdk-amd64/lib/libnio.so
7f945baf9000-7f945bafa000 rw-p 00011000 08:04 3298101                    /usr/lib/jvm/java-11-openjdk-amd64/lib/libnio.so
7f945bafa000-7f945bafe000 ---p 00000000 00:00 0 
7f945bafe000-7f945bbfb000 rw-p 00000000 00:00 0 
7f945bbfb000-7f945bbfc000 ---p 00000000 00:00 0 
7f945bbfc000-7f945bcfd000 rw-p 00000000 00:00 0 
7f945bcfd000-7f945bd01000 ---p 00000000 00:00 0 
7f945bd01000-7f945bdfe000 rw-p 00000000 00:00 0 
7f945bdfe000-7f945be02000 ---p 00000000 00:00 0 
7f945be02000-7f945beff000 rw-p 00000000 00:00 0 
7f945beff000-7f945bf03000 ---p 00000000 00:00 0 
7f945bf03000-7f945c000000 rw-p 00000000 00:00 0 
7f945c000000-7f945ee5d000 rw-p 00000000 00:00 0 
7f945ee5d000-7f9460000000 ---p 00000000 00:00 0 
7f9460000000-7f9463918000 rw-p 00000000 00:00 0 
7f9463918000-7f9464000000 ---p 00000000 00:00 0 
7f9464000000-7f9464021000 rw-p 00000000 00:00 0 
7f9464021000-7f9468000000 ---p 00000000 00:00 0 
7f9468000000-7f9468021000 rw-p 00000000 00:00 0 
7f9468021000-7f946c000000 ---p 00000000 00:00 0 
7f946c000000-7f946c03b000 rw-p 00000000 00:00 0 
7f946c03b000-7f9470000000 ---p 00000000 00:00 0 
7f9470000000-7f9470021000 rw-p 00000000 00:00 0 
7f9470021000-7f9474000000 ---p 00000000 00:00 0 
7f9474000000-7f9474021000 rw-p 00000000 00:00 0 
7f9474021000-7f9478000000 ---p 00000000 00:00 0 
7f9478000000-7f9478021000 rw-p 00000000 00:00 0 
7f9478021000-7f947c000000 ---p 00000000 00:00 0 
7f947c000000-7f947c021000 rw-p 00000000 00:00 0 
7f947c021000-7f9480000000 ---p 00000000 00:00 0 
7f9480000000-7f9480021000 rw-p 00000000 00:00 0 
7f9480021000-7f9484000000 ---p 00000000 00:00 0 
7f9484000000-7f9484021000 rw-p 00000000 00:00 0 
7f9484021000-7f9488000000 ---p 00000000 00:00 0 
7f9488000000-7f9488021000 rw-p 00000000 00:00 0 
7f9488021000-7f948c000000 ---p 00000000 00:00 0 
7f948c0a8000-7f948c0ac000 ---p 00000000 00:00 0 
7f948c0ac000-7f948c1a9000 rw-p 00000000 00:00 0 
7f948c1a9000-7f948c1ad000 ---p 00000000 00:00 0 
7f948c1ad000-7f948c2aa000 rw-p 00000000 00:00 0 
7f948c2aa000-7f948c2ae000 ---p 00000000 00:00 0 
7f948c2ae000-7f948c3ab000 rw-p 00000000 00:00 0 
7f948c3ab000-7f948cd7a000 r--p 00000000 08:04 2235121                    /usr/lib/locale/locale-archive
7f948cd7a000-7f948cd7e000 ---p 00000000 00:00 0 
7f948cd7e000-7f948ce7b000 rw-p 00000000 00:00 0 
7f948ce7b000-7f948ce7f000 ---p 00000000 00:00 0 
7f948ce7f000-7f948cf7c000 rw-p 00000000 00:00 0 
7f948cf7c000-7f948cf7d000 ---p 00000000 00:00 0 
7f948cf7d000-7f948d8f4000 rw-p 00000000 00:00 0 
7f948d8f4000-7f948d8f5000 ---p 00000000 00:00 0 
7f948d8f5000-7f948d9f6000 rw-p 00000000 00:00 0 
7f948d9f6000-7f948d9f7000 ---p 00000000 00:00 0 
7f948d9f7000-7f948daf8000 rw-p 00000000 00:00 0 
7f948daf8000-7f948daf9000 ---p 00000000 00:00 0 
7f948daf9000-7f948dbfa000 rw-p 00000000 00:00 0 
7f948dbfa000-7f948dbfb000 ---p 00000000 00:00 0 
7f948dbfb000-7f948dcfc000 rw-p 00000000 00:00 0 
7f948dcfc000-7f948dcfd000 ---p 00000000 00:00 0 
7f948dcfd000-7f9490000000 rw-p 00000000 00:00 0 
7f9490000000-7f9490045000 rw-p 00000000 00:00 0 
7f9490045000-7f9494000000 ---p 00000000 00:00 0 
7f9494000000-7f9494021000 rw-p 00000000 00:00 0 
7f9494021000-7f9498000000 ---p 00000000 00:00 0 
7f9498000000-7f9498036000 rw-p 00000000 00:00 0 
7f9498036000-7f949c000000 ---p 00000000 00:00 0 
7f949c000000-7f949c03a000 rw-p 00000000 00:00 0 
7f949c03a000-7f94a0000000 ---p 00000000 00:00 0 
7f94a0000000-7f94a0046000 rw-p 00000000 00:00 0 
7f94a0046000-7f94a4000000 ---p 00000000 00:00 0 
7f94a4002000-7f94a4009000 r--s 00000000 08:04 2492107                    /usr/lib/x86_64-linux-gnu/gconv/gconv-modules.cache
7f94a4009000-7f94a420b000 rw-p 00000000 00:00 0 
7f94a420b000-7f94a420c000 ---p 00000000 00:00 0 
7f94a420c000-7f94a430d000 rw-p 00000000 00:00 0 
7f94a430d000-7f94a430e000 ---p 00000000 00:00 0 
7f94a430e000-7f94a45bf000 rw-p 00000000 00:00 0 
7f94a45bf000-7f94a5327000 ---p 00000000 00:00 0 
7f94a5327000-7f94a54d7000 rw-p 00000000 00:00 0 
7f94a54d7000-7f94a623f000 ---p 00000000 00:00 0 
7f94a623f000-7f94a6275000 rw-p 00000000 00:00 0 
7f94a6275000-7f94a6422000 ---p 00000000 00:00 0 
7f94a6422000-7f94a6458000 rw-p 00000000 00:00 0 
7f94a6458000-7f94a6605000 ---p 00000000 00:00 0 
7f94a6605000-7f94a663b000 rw-p 00000000 00:00 0 
7f94a663b000-7f94a67e8000 ---p 00000000 00:00 0 
7f94a67e8000-7f94a6bec000 rw-p 00000000 00:00 0 
7f94a6bec000-7f94a6bed000 ---p 00000000 00:00 0 
7f94a6bed000-7f94a6cee000 rw-p 00000000 00:00 0 
7f94a6cee000-7f94a6cef000 ---p 00000000 00:00 0 
7f94a6cef000-7f94a6df0000 rw-p 00000000 00:00 0 
7f94a6df0000-7f94a6df1000 ---p 00000000 00:00 0 
7f94a6df1000-7f94a6ef2000 rw-p 00000000 00:00 0 
7f94a6ef2000-7f94a6ef3000 ---p 00000000 00:00 0 
7f94a6ef3000-7f94a7001000 rw-p 00000000 00:00 0 
7f94a7001000-7f94a70df000 ---p 00000000 00:00 0 
7f94a70df000-7f94a734f000 rwxp 00000000 00:00 0 
7f94a734f000-7f94a766f000 ---p 00000000 00:00 0 
7f94a766f000-7f94a820f000 rwxp 00000000 00:00 0 
7f94a820f000-7f94aeba7000 ---p 00000000 00:00 0 
7f94aeba7000-7f94af1b7000 rwxp 00000000 00:00 0 
7f94af1b7000-7f94b60df000 ---p 00000000 00:00 0 
7f94b60df000-7f94bf5ba000 r--s 00000000 08:04 3298110                    /usr/lib/jvm/java-11-openjdk-amd64/lib/modules
7f94bf5ba000-7f94bf5bf000 r-xp 00000000 08:04 3298092                    /usr/lib/jvm/java-11-openjdk-amd64/lib/libjimage.so
7f94bf5bf000-7f94bf7be000 ---p 00005000 08:04 3298092                    /usr/lib/jvm/java-11-openjdk-amd64/lib/libjimage.so
7f94bf7be000-7f94bf7bf000 r--p 00004000 08:04 3298092                    /usr/lib/jvm/java-11-openjdk-amd64/lib/libjimage.so
7f94bf7bf000-7f94bf7c0000 rw-p 00005000 08:04 3298092                    /usr/lib/jvm/java-11-openjdk-amd64/lib/libjimage.so
7f94bf7c0000-7f94bf7c7000 r-xp 00000000 08:04 3298109                    /usr/lib/jvm/java-11-openjdk-amd64/lib/libzip.so
7f94bf7c7000-7f94bf9c6000 ---p 00007000 08:04 3298109                    /usr/lib/jvm/java-11-openjdk-amd64/lib/libzip.so
7f94bf9c6000-7f94bf9c7000 r--p 00006000 08:04 3298109                    /usr/lib/jvm/java-11-openjdk-amd64/lib/libzip.so
7f94bf9c7000-7f94bf9c8000 rw-p 00007000 08:04 3298109                    /usr/lib/jvm/java-11-openjdk-amd64/lib/libzip.so
7f94bf9c8000-7f94bf9d3000 r-xp 00000000 08:04 1840584                    /lib/x86_64-linux-gnu/libnss_files-2.27.so
7f94bf9d3000-7f94bfbd2000 ---p 0000b000 08:04 1840584                    /lib/x86_64-linux-gnu/libnss_files-2.27.so
7f94bfbd2000-7f94bfbd3000 r--p 0000a000 08:04 1840584                    /lib/x86_64-linux-gnu/libnss_files-2.27.so
7f94bfbd3000-7f94bfbd4000 rw-p 0000b000 08:04 1840584                    /lib/x86_64-linux-gnu/libnss_files-2.27.so
7f94bfbd4000-7f94bfbda000 rw-p 00000000 00:00 0 
7f94bfbda000-7f94bfbf1000 r-xp 00000000 08:04 1840578                    /lib/x86_64-linux-gnu/libnsl-2.27.so
7f94bfbf1000-7f94bfdf0000 ---p 00017000 08:04 1840578                    /lib/x86_64-linux-gnu/libnsl-2.27.so
7f94bfdf0000-7f94bfdf1000 r--p 00016000 08:04 1840578                    /lib/x86_64-linux-gnu/libnsl-2.27.so
7f94bfdf1000-7f94bfdf2000 rw-p 00017000 08:04 1840578                    /lib/x86_64-linux-gnu/libnsl-2.27.so
7f94bfdf2000-7f94bfdf4000 rw-p 00000000 00:00 0 
7f94bfdf4000-7f94bfdff000 r-xp 00000000 08:04 1840595                    /lib/x86_64-linux-gnu/libnss_nis-2.27.so
7f94bfdff000-7f94bfffe000 ---p 0000b000 08:04 1840595                    /lib/x86_64-linux-gnu/libnss_nis-2.27.so
7f94bfffe000-7f94bffff000 r--p 0000a000 08:04 1840595                    /lib/x86_64-linux-gnu/libnss_nis-2.27.so
7f94bffff000-7f94c0000000 rw-p 0000b000 08:04 1840595                    /lib/x86_64-linux-gnu/libnss_nis-2.27.so
7f94c0000000-7f94c0c1c000 rw-p 00000000 00:00 0 
7f94c0c1c000-7f94c4000000 ---p 00000000 00:00 0 
7f94c4004000-7f94c4025000 r--p 00000000 08:04 2755568                    /usr/share/locale-langpack/it/LC_MESSAGES/libc.mo
7f94c4025000-7f94c406e000 rw-p 00000000 00:00 0 
7f94c406e000-7f94c4141000 ---p 00000000 00:00 0 
7f94c4141000-7f94c4149000 r-xp 00000000 08:04 1840580                    /lib/x86_64-linux-gnu/libnss_compat-2.27.so
7f94c4149000-7f94c4349000 ---p 00008000 08:04 1840580                    /lib/x86_64-linux-gnu/libnss_compat-2.27.so
7f94c4349000-7f94c434a000 r--p 00008000 08:04 1840580                    /lib/x86_64-linux-gnu/libnss_compat-2.27.so
7f94c434a000-7f94c434b000 rw-p 00009000 08:04 1840580                    /lib/x86_64-linux-gnu/libnss_compat-2.27.so
7f94c434b000-7f94c4377000 r-xp 00000000 08:04 3298088                    /usr/lib/jvm/java-11-openjdk-amd64/lib/libjava.so
7f94c4377000-7f94c4576000 ---p 0002c000 08:04 3298088                    /usr/lib/jvm/java-11-openjdk-amd64/lib/libjava.so
7f94c4576000-7f94c4577000 r--p 0002b000 08:04 3298088                    /usr/lib/jvm/java-11-openjdk-amd64/lib/libjava.so
7f94c4577000-7f94c4579000 rw-p 0002c000 08:04 3298088                    /usr/lib/jvm/java-11-openjdk-amd64/lib/libjava.so
7f94c4579000-7f94c4586000 r-xp 00000000 08:04 3298108                    /usr/lib/jvm/java-11-openjdk-amd64/lib/libverify.so
7f94c4586000-7f94c4785000 ---p 0000d000 08:04 3298108                    /usr/lib/jvm/java-11-openjdk-amd64/lib/libverify.so
7f94c4785000-7f94c4787000 r--p 0000c000 08:04 3298108                    /usr/lib/jvm/java-11-openjdk-amd64/lib/libverify.so
7f94c4787000-7f94c4788000 rw-p 0000e000 08:04 3298108                    /usr/lib/jvm/java-11-openjdk-amd64/lib/libverify.so
7f94c4788000-7f94c478f000 r-xp 00000000 08:04 1840635                    /lib/x86_64-linux-gnu/librt-2.27.so
7f94c478f000-7f94c498e000 ---p 00007000 08:04 1840635                    /lib/x86_64-linux-gnu/librt-2.27.so
7f94c498e000-7f94c498f000 r--p 00006000 08:04 1840635                    /lib/x86_64-linux-gnu/librt-2.27.so
7f94c498f000-7f94c4990000 rw-p 00007000 08:04 1840635                    /lib/x86_64-linux-gnu/librt-2.27.so
7f94c4990000-7f94c49a7000 r-xp 00000000 08:04 1835039                    /lib/x86_64-linux-gnu/libgcc_s.so.1
7f94c49a7000-7f94c4ba6000 ---p 00017000 08:04 1835039                    /lib/x86_64-linux-gnu/libgcc_s.so.1
7f94c4ba6000-7f94c4ba7000 r--p 00016000 08:04 1835039                    /lib/x86_64-linux-gnu/libgcc_s.so.1
7f94c4ba7000-7f94c4ba8000 rw-p 00017000 08:04 1835039                    /lib/x86_64-linux-gnu/libgcc_s.so.1
7f94c4ba8000-7f94c4d45000 r-xp 00000000 08:04 1840557                    /lib/x86_64-linux-gnu/libm-2.27.so
7f94c4d45000-7f94c4f44000 ---p 0019d000 08:04 1840557                    /lib/x86_64-linux-gnu/libm-2.27.so
7f94c4f44000-7f94c4f45000 r--p 0019c000 08:04 1840557                    /lib/x86_64-linux-gnu/libm-2.27.so
7f94c4f45000-7f94c4f46000 rw-p 0019d000 08:04 1840557                    /lib/x86_64-linux-gnu/libm-2.27.so
7f94c4f46000-7f94c50bf000 r-xp 00000000 08:04 2230924                    /usr/lib/x86_64-linux-gnu/libstdc++.so.6.0.25
7f94c50bf000-7f94c52bf000 ---p 00179000 08:04 2230924                    /usr/lib/x86_64-linux-gnu/libstdc++.so.6.0.25
7f94c52bf000-7f94c52c9000 r--p 00179000 08:04 2230924                    /usr/lib/x86_64-linux-gnu/libstdc++.so.6.0.25
7f94c52c9000-7f94c52cb000 rw-p 00183000 08:04 2230924                    /usr/lib/x86_64-linux-gnu/libstdc++.so.6.0.25
7f94c52cb000-7f94c52cf000 rw-p 00000000 00:00 0 
7f94c52cf000-7f94c626c000 r-xp 00000000 08:04 262728                     /usr/lib/jvm/java-11-openjdk-amd64/lib/server/libjvm.so
7f94c626c000-7f94c646c000 ---p 00f9d000 08:04 262728                     /usr/lib/jvm/java-11-openjdk-amd64/lib/server/libjvm.so
7f94c646c000-7f94c6530000 r--p 00f9d000 08:04 262728                     /usr/lib/jvm/java-11-openjdk-amd64/lib/server/libjvm.so
7f94c6530000-7f94c6568000 rw-p 01061000 08:04 262728                     /usr/lib/jvm/java-11-openjdk-amd64/lib/server/libjvm.so
7f94c6568000-7f94c65b1000 rw-p 00000000 00:00 0 
7f94c65b1000-7f94c65cb000 r-xp 00000000 08:04 1840627                    /lib/x86_64-linux-gnu/libpthread-2.27.so
7f94c65cb000-7f94c67ca000 ---p 0001a000 08:04 1840627                    /lib/x86_64-linux-gnu/libpthread-2.27.so
7f94c67ca000-7f94c67cb000 r--p 00019000 08:04 1840627                    /lib/x86_64-linux-gnu/libpthread-2.27.so
7f94c67cb000-7f94c67cc000 rw-p 0001a000 08:04 1840627                    /lib/x86_64-linux-gnu/libpthread-2.27.so
7f94c67cc000-7f94c67d0000 rw-p 00000000 00:00 0 
7f94c67d0000-7f94c67d3000 r-xp 00000000 08:04 1840517                    /lib/x86_64-linux-gnu/libdl-2.27.so
7f94c67d3000-7f94c69d2000 ---p 00003000 08:04 1840517                    /lib/x86_64-linux-gnu/libdl-2.27.so
7f94c69d2000-7f94c69d3000 r--p 00002000 08:04 1840517                    /lib/x86_64-linux-gnu/libdl-2.27.so
7f94c69d3000-7f94c69d4000 rw-p 00003000 08:04 1840517                    /lib/x86_64-linux-gnu/libdl-2.27.so
7f94c69d4000-7f94c69f0000 r-xp 00000000 08:04 1840666                    /lib/x86_64-linux-gnu/libz.so.1.2.11
7f94c69f0000-7f94c6bef000 ---p 0001c000 08:04 1840666                    /lib/x86_64-linux-gnu/libz.so.1.2.11
7f94c6bef000-7f94c6bf0000 r--p 0001b000 08:04 1840666                    /lib/x86_64-linux-gnu/libz.so.1.2.11
7f94c6bf0000-7f94c6bf1000 rw-p 0001c000 08:04 1840666                    /lib/x86_64-linux-gnu/libz.so.1.2.11
7f94c6bf1000-7f94c6dd8000 r-xp 00000000 08:04 1840494                    /lib/x86_64-linux-gnu/libc-2.27.so
7f94c6dd8000-7f94c6fd8000 ---p 001e7000 08:04 1840494                    /lib/x86_64-linux-gnu/libc-2.27.so
7f94c6fd8000-7f94c6fdc000 r--p 001e7000 08:04 1840494                    /lib/x86_64-linux-gnu/libc-2.27.so
7f94c6fdc000-7f94c6fde000 rw-p 001eb000 08:04 1840494                    /lib/x86_64-linux-gnu/libc-2.27.so
7f94c6fde000-7f94c6fe2000 rw-p 00000000 00:00 0 
7f94c6fe2000-7f94c6ff1000 r-xp 00000000 08:04 3298073                    /usr/lib/jvm/java-11-openjdk-amd64/lib/jli/libjli.so
7f94c6ff1000-7f94c71f0000 ---p 0000f000 08:04 3298073                    /usr/lib/jvm/java-11-openjdk-amd64/lib/jli/libjli.so
7f94c71f0000-7f94c71f1000 r--p 0000e000 08:04 3298073                    /usr/lib/jvm/java-11-openjdk-amd64/lib/jli/libjli.so
7f94c71f1000-7f94c71f2000 rw-p 0000f000 08:04 3298073                    /usr/lib/jvm/java-11-openjdk-amd64/lib/jli/libjli.so
7f94c71f2000-7f94c7219000 r-xp 00000000 08:04 1840466                    /lib/x86_64-linux-gnu/ld-2.27.so
7f94c721b000-7f94c72fc000 rw-p 00000000 00:00 0 
7f94c72fc000-7f94c7300000 ---p 00000000 00:00 0 
7f94c7300000-7f94c73ff000 rw-p 00000000 00:00 0 
7f94c7400000-7f94c7406000 rw-p 00000000 00:00 0 
7f94c7406000-7f94c740d000 ---p 00000000 00:00 0 
7f94c740d000-7f94c7415000 rw-s 00000000 08:04 281179                     /tmp/hsperfdata_alessandra/30781
7f94c7415000-7f94c7416000 ---p 00000000 00:00 0 
7f94c7416000-7f94c7417000 r--p 00000000 00:00 0 
7f94c7417000-7f94c7419000 rw-p 00000000 00:00 0 
7f94c7419000-7f94c741a000 r--p 00027000 08:04 1840466                    /lib/x86_64-linux-gnu/ld-2.27.so
7f94c741a000-7f94c741b000 rw-p 00028000 08:04 1840466                    /lib/x86_64-linux-gnu/ld-2.27.so
7f94c741b000-7f94c741c000 rw-p 00000000 00:00 0 
7fffcb1d1000-7fffcb1f2000 rw-p 00000000 00:00 0                          [stack]
7fffcb1f6000-7fffcb1f9000 r--p 00000000 00:00 0                          [vvar]
7fffcb1f9000-7fffcb1fb000 r-xp 00000000 00:00 0                          [vdso]
ffffffffff600000-ffffffffff601000 r-xp 00000000 00:00 0                  [vsyscall]


VM Arguments:
jvm_args: -Dfile.encoding=UTF-8 -Duser.country=IT -Duser.language=it -Duser.variant 
java_command: worker.org.gradle.process.internal.worker.GradleWorkerMain 'Gradle SpotBugs Worker 1'
java_class_path (initial): /home/alessandra/.gradle/caches/4.8.1/workerMain/gradle-worker.jar:/home/alessandra/.gradle/caches/modules-2/files-2.1/com.github.spotbugs/spotbugs/3.1.7/79890e05bba82b8552d09ea59a7e5182639cf09b/spotbugs-3.1.7.jar:/home/alessandra/.gradle/caches/modules-2/files-2.1/org.ow2.asm/asm-commons/6.2/f0df1c69e34a0463679d7c8db36ddb4312836e76/asm-commons-6.2.jar:/home/alessandra/.gradle/caches/modules-2/files-2.1/org.ow2.asm/asm-xml/6.2/11cbb555182f8998eb6d7dfef17a22070e627846/asm-xml-6.2.jar:/home/alessandra/.gradle/caches/modules-2/files-2.1/org.ow2.asm/asm-util/6.2/a9690730f92cc79eeadc20e400ebb41eccce10b1/asm-util-6.2.jar:/home/alessandra/.gradle/caches/modules-2/files-2.1/org.ow2.asm/asm-analysis/6.2/c7d9a90d221cbb977848d2c777eb3aa7637e89df/asm-analysis-6.2.jar:/home/alessandra/.gradle/caches/modules-2/files-2.1/org.ow2.asm/asm-tree/6.2/61570e046111559f38d4e0e580c005f75988c0a6/asm-tree-6.2.jar:/home/alessandra/.gradle/caches/modules-2/files-2.1/org.ow2.asm/asm/6.2/1b6c4ff09ce03f3052429139c2a68e295cae6604/asm-6.2.jar:/home/alessandra/.gradle/caches/modules-2/files-2.1/org.apache.bcel/bcel/6.2/2c1499b28bf2638cbdb5fa94350d41a46d2bd4e0/bcel-6.2.jar:/home/alessandra/.gradle/caches/modules-2/files-2.1/net.jcip/jcip-annotations/1.0/afba4942caaeaf46aab0b976afd57cc7c181467e/jcip-annotations-1.0.jar:/home/alessandra/.gradle/caches/modules-2/files-2.1/org.dom4j/dom4j/2.1.0/6ad46940de4d721df3d6bbcd2977149742095445/dom4j-2.1.0.jar:/home/alessandra/.gradle/caches/modules-2/files-2.1/jaxen/jaxen/1.1.6/3f8c36d9a0578e8e98f030c662b69888b1430ac0/jaxen-1.1.6.jar:/home/alessandra/.gradle/caches/modules-2/files-2.1/commons-lang/commons-lang/2.6/ce1edb914c94ebc388f086c6827e8bdeec71ac2/commons-lang-2.6.jar:/home/alessandra/.gradle/caches/modules-2/files-2.1/com.github.spotbugs/spotbugs-annotations/3.1.7/2b34b2168e4d8866ad6aba0e86a8c1fed94db295/spotbugs-annotations-3.1.7.jar:/home/alessandra/.gradle/caches/modules-2/files-2.1/com.google.code.findbugs/jsr305/3.0.2/25ea
Launcher Type: SUN_STANDARD

Logging:
Log output configuration:
#0: stdout all=warning uptime,level,tags
#1: stderr all=off uptime,level,tags

Environment Variables:
PATH=/usr/local/sbin:/usr/local/bin:/usr/sbin:/usr/bin:/sbin:/bin:/usr/games:/usr/local/games:/snap/bin
USERNAME=alessandra
SHELL=/bin/bash
DISPLAY=:0

Signal Handlers:
SIGSEGV: [libjvm.so+0xd28b70], sa_mask[0]=11111111011111111101111111111110, sa_flags=SA_RESTART|SA_SIGINFO
SIGBUS: [libjvm.so+0xd28b70], sa_mask[0]=11111111011111111101111111111110, sa_flags=SA_RESTART|SA_SIGINFO
SIGFPE: [libjvm.so+0xd28b70], sa_mask[0]=11111111011111111101111111111110, sa_flags=SA_RESTART|SA_SIGINFO
SIGPIPE: [libjvm.so+0xb2a1f0], sa_mask[0]=11111111011111111101111111111110, sa_flags=SA_RESTART|SA_SIGINFO
SIGXFSZ: [libjvm.so+0xb2a1f0], sa_mask[0]=11111111011111111101111111111110, sa_flags=SA_RESTART|SA_SIGINFO
SIGILL: [libjvm.so+0xd28b70], sa_mask[0]=11111111011111111101111111111110, sa_flags=SA_RESTART|SA_SIGINFO
SIGUSR2: [libjvm.so+0xb2a030], sa_mask[0]=00100000000000000000000000000000, sa_flags=SA_RESTART|SA_SIGINFO
SIGHUP: [libjvm.so+0xb2a180], sa_mask[0]=11111111011111111101111111111110, sa_flags=SA_RESTART|SA_SIGINFO
SIGINT: [libjvm.so+0xb2a180], sa_mask[0]=11111111011111111101111111111110, sa_flags=SA_RESTART|SA_SIGINFO
SIGTERM: [libjvm.so+0xb2a180], sa_mask[0]=11111111011111111101111111111110, sa_flags=SA_RESTART|SA_SIGINFO
SIGQUIT: [libjvm.so+0xb2a180], sa_mask[0]=11111111011111111101111111111110, sa_flags=SA_RESTART|SA_SIGINFO


---------------  S Y S T E M  ---------------

OS:DISTRIB_ID=Ubuntu
DISTRIB_RELEASE=18.04
DISTRIB_CODENAME=bionic
DISTRIB_DESCRIPTION="Ubuntu 18.04.1 LTS"
uname:Linux 4.15.0-20-generic #21-Ubuntu SMP Tue Apr 24 06:16:15 UTC 2018 x86_64
libc:glibc 2.27 NPTL 2.27 
rlimit: STACK 8192k, CORE 0k, NPROC 15027, NOFILE 4096, AS infinity, DATA infinity, FSIZE infinity
load average:26,57 13,15 6,91

/proc/meminfo:
MemTotal:        3953448 kB
MemFree:          109732 kB
MemAvailable:      62168 kB
Buffers:            3324 kB
Cached:           204212 kB
SwapCached:         4148 kB
Active:          2846748 kB
Inactive:         636528 kB
Active(anon):    2816744 kB
Inactive(anon):   582248 kB
Active(file):      30004 kB
Inactive(file):    54280 kB
Unevictable:         224 kB
Mlocked:             224 kB
SwapTotal:       2097148 kB
SwapFree:            660 kB
Dirty:               312 kB
Writeback:             0 kB
AnonPages:       3274148 kB
Mapped:           103704 kB
Shmem:            122988 kB
Slab:             172672 kB
SReclaimable:      65220 kB
SUnreclaim:       107452 kB
KernelStack:       17040 kB
PageTables:        79640 kB
NFS_Unstable:          0 kB
Bounce:                0 kB
WritebackTmp:          0 kB
CommitLimit:     4073872 kB
Committed_AS:   14794700 kB
VmallocTotal:   34359738367 kB
VmallocUsed:           0 kB
VmallocChunk:          0 kB
HardwareCorrupted:     0 kB
AnonHugePages:         0 kB
ShmemHugePages:        0 kB
ShmemPmdMapped:        0 kB
CmaTotal:              0 kB
CmaFree:               0 kB
HugePages_Total:       0
HugePages_Free:        0
HugePages_Rsvd:        0
HugePages_Surp:        0
Hugepagesize:       2048 kB
DirectMap4k:      386940 kB
DirectMap2M:     3721216 kB
DirectMap1G:     1048576 kB

container (cgroup) information:
container_type: cgroupv1
cpu_cpuset_cpus: 0-3
cpu_memory_nodes: 0
active_processor_count: 4
cpu_quota: -1
cpu_period: 100000
cpu_shares: -1
memory_limit_in_bytes: -1
memory_and_swap_limit_in_bytes: -2
memory_soft_limit_in_bytes: -1
memory_usage_in_bytes: 3655995392
memory_max_usage_in_bytes: 3711401984


CPU:total 4 (initial active 4) (2 cores per cpu, 2 threads per core) family 6 model 61 stepping 4, cmov, cx8, fxsr, mmx, sse, sse2, sse3, ssse3, sse4.1, sse4.2, popcnt, avx, avx2, aes, clmul, erms, 3dnowpref, lzcnt, ht, tsc, tscinvbit, bmi1, bmi2, adx, fma
CPU Model and flags from /proc/cpuinfo:
model name	: Intel(R) Core(TM) i5-5200U CPU @ 2.20GHz
flags		: fpu vme de pse tsc msr pae mce cx8 apic sep mtrr pge mca cmov pat pse36 clflush dts acpi mmx fxsr sse sse2 ss ht tm pbe syscall nx pdpe1gb rdtscp lm constant_tsc arch_perfmon pebs bts rep_good nopl xtopology nonstop_tsc cpuid aperfmperf pni pclmulqdq dtes64 monitor ds_cpl vmx est tm2 ssse3 sdbg fma cx16 xtpr pdcm pcid sse4_1 sse4_2 x2apic movbe popcnt tsc_deadline_timer aes xsave avx f16c rdrand lahf_lm abm 3dnowprefetch cpuid_fault epb invpcid_single pti tpr_shadow vnmi flexpriority ept vpid fsgsbase tsc_adjust bmi1 avx2 smep bmi2 erms invpcid rdseed adx smap intel_pt xsaveopt ibpb ibrs stibp dtherm ida arat pln pts

Memory: 4k page, physical 3953448k(108244k free), swap 2097148k(680k free)

vm_info: OpenJDK 64-Bit Server VM (10.0.2+13-Ubuntu-1ubuntu0.18.04.4) for linux-amd64 JRE (10.0.2+13-Ubuntu-1ubuntu0.18.04.4), built on Nov 13 2018 12:53:39 by "buildd" with gcc 7.3.0

END.
