0 info it worked if it ends with ok
1 verbose cli [ '/usr/local/bin/node',
1 verbose cli   '/usr/local/bin/npm',
1 verbose cli   'install',
1 verbose cli   '-g',
1 verbose cli   'eslint-plugin-json@4.3' ]
2 info using npm@3.10.10
3 info using node@v6.10.0
4 silly loadCurrentTree Starting
5 silly install loadCurrentTree
6 silly install readGlobalPackageData
7 silly fetchPackageMetaData eslint-plugin-json@4.3
8 silly fetchNamedPackageData eslint-plugin-json
9 silly mapToRegistry name eslint-plugin-json
10 silly mapToRegistry using default registry
11 silly mapToRegistry registry https://registry.npmjs.org/
12 silly mapToRegistry data Result {
12 silly mapToRegistry   raw: 'eslint-plugin-json',
12 silly mapToRegistry   scope: null,
12 silly mapToRegistry   escapedName: 'eslint-plugin-json',
12 silly mapToRegistry   name: 'eslint-plugin-json',
12 silly mapToRegistry   rawSpec: '',
12 silly mapToRegistry   spec: 'latest',
12 silly mapToRegistry   type: 'tag' }
13 silly mapToRegistry uri https://registry.npmjs.org/eslint-plugin-json
14 verbose request uri https://registry.npmjs.org/eslint-plugin-json
15 verbose request no auth needed
16 info attempt registry request try #1 at 12:36:11 AM
17 verbose request id b7ea6da19477d6d0
18 verbose etag W/"58ae215a-1d51"
19 verbose lastModified Wed, 22 Feb 2017 23:40:10 GMT
20 http request GET https://registry.npmjs.org/eslint-plugin-json
21 http 304 https://registry.npmjs.org/eslint-plugin-json
22 verbose headers { date: 'Mon, 13 Mar 2017 16:36:12 GMT',
22 verbose headers   via: '1.1 varnish',
22 verbose headers   'cache-control': 'max-age=300',
22 verbose headers   etag: 'W/"58ae215a-1d51"',
22 verbose headers   age: '0',
22 verbose headers   connection: 'keep-alive',
22 verbose headers   'x-served-by': 'cache-sin6925-SIN',
22 verbose headers   'x-cache': 'MISS',
22 verbose headers   'x-cache-hits': '0',
22 verbose headers   'x-timer': 'S1489422972.075869,VS0,VE443',
22 verbose headers   vary: 'Accept-Encoding' }
23 silly get cb [ 304,
23 silly get   { date: 'Mon, 13 Mar 2017 16:36:12 GMT',
23 silly get     via: '1.1 varnish',
23 silly get     'cache-control': 'max-age=300',
23 silly get     etag: 'W/"58ae215a-1d51"',
23 silly get     age: '0',
23 silly get     connection: 'keep-alive',
23 silly get     'x-served-by': 'cache-sin6925-SIN',
23 silly get     'x-cache': 'MISS',
23 silly get     'x-cache-hits': '0',
23 silly get     'x-timer': 'S1489422972.075869,VS0,VE443',
23 silly get     vary: 'Accept-Encoding' } ]
24 verbose etag https://registry.npmjs.org/eslint-plugin-json from cache
25 verbose get saving eslint-plugin-json to /Users/Boxin_Yang/.npm/registry.npmjs.org/eslint-plugin-json/.cache.json
26 verbose correctMkdir /Users/Boxin_Yang/.npm correctMkdir not in flight; initializing
27 silly fetchNamedPackageData No valid target from cache, forcing network
28 verbose request uri https://registry.npmjs.org/eslint-plugin-json
29 verbose request no auth needed
30 info attempt registry request try #1 at 12:36:12 AM
31 http request GET https://registry.npmjs.org/eslint-plugin-json
32 http 200 https://registry.npmjs.org/eslint-plugin-json
33 verbose headers { server: 'nginx/1.10.1',
33 verbose headers   'content-type': 'application/json',
33 verbose headers   'last-modified': 'Wed, 22 Feb 2017 23:40:10 GMT',
33 verbose headers   etag: 'W/"58ae215a-1d51"',
33 verbose headers   'content-encoding': 'gzip',
33 verbose headers   'cache-control': 'max-age=300',
33 verbose headers   'content-length': '1611',
33 verbose headers   'accept-ranges': 'bytes',
33 verbose headers   date: 'Mon, 13 Mar 2017 16:36:12 GMT',
33 verbose headers   via: '1.1 varnish',
33 verbose headers   age: '0',
33 verbose headers   connection: 'keep-alive',
33 verbose headers   'x-served-by': 'cache-sin6925-SIN',
33 verbose headers   'x-cache': 'HIT',
33 verbose headers   'x-cache-hits': '1',
33 verbose headers   'x-timer': 'S1489422972.596284,VS0,VE0',
33 verbose headers   vary: 'Accept-Encoding' }
34 silly get cb [ 200,
34 silly get   { server: 'nginx/1.10.1',
34 silly get     'content-type': 'application/json',
34 silly get     'last-modified': 'Wed, 22 Feb 2017 23:40:10 GMT',
34 silly get     etag: 'W/"58ae215a-1d51"',
34 silly get     'content-encoding': 'gzip',
34 silly get     'cache-control': 'max-age=300',
34 silly get     'content-length': '1611',
34 silly get     'accept-ranges': 'bytes',
34 silly get     date: 'Mon, 13 Mar 2017 16:36:12 GMT',
34 silly get     via: '1.1 varnish',
34 silly get     age: '0',
34 silly get     connection: 'keep-alive',
34 silly get     'x-served-by': 'cache-sin6925-SIN',
34 silly get     'x-cache': 'HIT',
34 silly get     'x-cache-hits': '1',
34 silly get     'x-timer': 'S1489422972.596284,VS0,VE0',
34 silly get     vary: 'Accept-Encoding' } ]
35 verbose get saving eslint-plugin-json to /Users/Boxin_Yang/.npm/registry.npmjs.org/eslint-plugin-json/.cache.json
36 verbose correctMkdir /Users/Boxin_Yang/.npm correctMkdir not in flight; initializing
37 silly fetchPackageMetaData Error: No compatible version found: eslint-plugin-json@4.3
37 silly fetchPackageMetaData Valid install targets:
37 silly fetchPackageMetaData 1.2.0, 1.1.0, 1.0.1, 1.0.0, 0.0.0
37 silly fetchPackageMetaData
37 silly fetchPackageMetaData     at pickVersionFromRegistryDocument (/usr/local/lib/node_modules/npm/lib/fetch-package-metadata.js:178:16)
37 silly fetchPackageMetaData     at /usr/local/lib/node_modules/npm/node_modules/iferr/index.js:13:50
37 silly fetchPackageMetaData     at /usr/local/lib/node_modules/npm/lib/utils/pulse-till-done.js:20:8
37 silly fetchPackageMetaData     at saved (/usr/local/lib/node_modules/npm/lib/cache/caching-client.js:174:7)
37 silly fetchPackageMetaData     at /usr/local/lib/node_modules/npm/node_modules/graceful-fs/polyfills.js:241:18
37 silly fetchPackageMetaData     at FSReqWrap.oncomplete (fs.js:123:15)
37 silly fetchPackageMetaData  error for eslint-plugin-json@4.3 { Error: No compatible version found: eslint-plugin-json@4.3
37 silly fetchPackageMetaData Valid install targets:
37 silly fetchPackageMetaData 1.2.0, 1.1.0, 1.0.1, 1.0.0, 0.0.0
37 silly fetchPackageMetaData
37 silly fetchPackageMetaData     at pickVersionFromRegistryDocument (/usr/local/lib/node_modules/npm/lib/fetch-package-metadata.js:178:16)
37 silly fetchPackageMetaData     at /usr/local/lib/node_modules/npm/node_modules/iferr/index.js:13:50
37 silly fetchPackageMetaData     at /usr/local/lib/node_modules/npm/lib/utils/pulse-till-done.js:20:8
37 silly fetchPackageMetaData     at saved (/usr/local/lib/node_modules/npm/lib/cache/caching-client.js:174:7)
37 silly fetchPackageMetaData     at /usr/local/lib/node_modules/npm/node_modules/graceful-fs/polyfills.js:241:18
37 silly fetchPackageMetaData     at FSReqWrap.oncomplete (fs.js:123:15) code: 'ETARGET' }
38 silly rollbackFailedOptional Starting
39 silly rollbackFailedOptional Finishing
40 silly runTopLevelLifecycles Finishing
41 silly install printInstalled
42 verbose stack Error: No compatible version found: eslint-plugin-json@4.3
42 verbose stack Valid install targets:
42 verbose stack 1.2.0, 1.1.0, 1.0.1, 1.0.0, 0.0.0
42 verbose stack
42 verbose stack     at pickVersionFromRegistryDocument (/usr/local/lib/node_modules/npm/lib/fetch-package-metadata.js:178:16)
42 verbose stack     at /usr/local/lib/node_modules/npm/node_modules/iferr/index.js:13:50
42 verbose stack     at /usr/local/lib/node_modules/npm/lib/utils/pulse-till-done.js:20:8
42 verbose stack     at saved (/usr/local/lib/node_modules/npm/lib/cache/caching-client.js:174:7)
42 verbose stack     at /usr/local/lib/node_modules/npm/node_modules/graceful-fs/polyfills.js:241:18
42 verbose stack     at FSReqWrap.oncomplete (fs.js:123:15)
43 verbose cwd /Users/Boxin_Yang/Downloads/teammates
44 error Darwin 15.6.0
45 error argv "/usr/local/bin/node" "/usr/local/bin/npm" "install" "-g" "eslint-plugin-json@4.3"
46 error node v6.10.0
47 error npm  v3.10.10
48 error code ETARGET
49 error notarget No compatible version found: eslint-plugin-json@4.3
49 error notarget Valid install targets:
49 error notarget 1.2.0, 1.1.0, 1.0.1, 1.0.0, 0.0.0
50 error notarget This is most likely not a problem with npm itself.
50 error notarget In most cases you or one of your dependencies are requesting
50 error notarget a package version that doesn't exist.
51 verbose exit [ 1, true ]
